#
# There is insufficient memory for the Java Runtime Environment to continue.
# Native memory allocation (malloc) failed to allocate 1844496 bytes for Chunk::new
# Possible reasons:
#   The system is out of physical RAM or swap space
#   The process is running with CompressedOops enabled, and the Java Heap may be blocking the growth of the native heap
# Possible solutions:
#   Reduce memory load on the system
#   Increase physical memory or swap space
#   Check if swap backing store is full
#   Decrease Java heap size (-Xmx/-Xms)
#   Decrease number of Java threads
#   Decrease Java thread stack sizes (-Xss)
#   Set larger code cache with -XX:ReservedCodeCacheSize=
#   JVM is running with Unscaled Compressed Oops mode in which the Java heap is
#     placed in the first 4GB address space. The Java Heap base address is the
#     maximum limit for the native heap growth. Please use -XX:HeapBaseMinAddress
#     to set the Java Heap base and to place the Java Heap above 4GB virtual address.
# This output file may be truncated or incomplete.
#
#  Out of Memory Error (arena.cpp:189), pid=1648, tid=1140
#
# JRE version: OpenJDK Runtime Environment (17.0.6) (build 17.0.6+0-b2043.56-10027231)
# Java VM: OpenJDK 64-Bit Server VM (17.0.6+0-b2043.56-10027231, mixed mode, tiered, compressed oops, compressed class ptrs, g1 gc, windows-amd64)
# No core dump will be written. Minidumps are not enabled by default on client versions of Windows
#

---------------  S U M M A R Y ------------

Command Line: --add-opens=java.base/java.util=ALL-UNNAMED --add-opens=java.base/java.lang=ALL-UNNAMED --add-opens=java.base/java.lang.invoke=ALL-UNNAMED --add-opens=java.prefs/java.util.prefs=ALL-UNNAMED --add-opens=java.base/java.nio.charset=ALL-UNNAMED --add-opens=java.base/java.net=ALL-UNNAMED --add-opens=java.base/java.util.concurrent.atomic=ALL-UNNAMED -Xmx2048m -Dfile.encoding=UTF-8 -Duser.country=NI -Duser.language=es -Duser.variant org.gradle.launcher.daemon.bootstrap.GradleDaemon 8.0

Host: 11th Gen Intel(R) Core(TM) i7-1165G7 @ 2.80GHz, 8 cores, 7G,  Windows 11 , 64 bit Build 22621 (10.0.22621.2506)
Time: Wed Dec 20 10:16:48 2023 Hora estándar, América Central elapsed time: 59.743105 seconds (0d 0h 0m 59s)

---------------  T H R E A D  ---------------

Current thread (0x00000150eec37240):  JavaThread "C2 CompilerThread0" daemon [_thread_in_native, id=1140, stack(0x00000008a1400000,0x00000008a1500000)]


Current CompileTask:
C2:  59743 13642 %     4       org.gradle.internal.instantiation.generator.AbstractClassGenerator::inspectType @ 207 (560 bytes)

Stack: [0x00000008a1400000,0x00000008a1500000]
Native frames: (J=compiled Java code, j=interpreted, Vv=VM code, C=native code)
V  [jvm.dll+0x683c9a]
V  [jvm.dll+0x8427a4]
V  [jvm.dll+0x843f9e]
V  [jvm.dll+0x844603]
V  [jvm.dll+0x249b75]
V  [jvm.dll+0xabcac]
V  [jvm.dll+0xac27c]
V  [jvm.dll+0x368857]
V  [jvm.dll+0x332f31]
V  [jvm.dll+0x3323da]
V  [jvm.dll+0x21c201]
V  [jvm.dll+0x21b621]
V  [jvm.dll+0x1a4fdd]
V  [jvm.dll+0x22b098]
V  [jvm.dll+0x229159]
V  [jvm.dll+0x7f81ec]
V  [jvm.dll+0x7f274a]
V  [jvm.dll+0x682ad5]
C  [ucrtbase.dll+0x29363]
C  [KERNEL32.DLL+0x1257d]
C  [ntdll.dll+0x5aa58]


---------------  P R O C E S S  ---------------

Threads class SMR info:
_java_thread_list=0x00000150f33abd40, length=148, elements={
0x00000150d428b7a0, 0x00000150eec12250, 0x00000150eec12e00, 0x00000150ee0f1d00,
0x00000150ee0f28b0, 0x00000150eec35410, 0x00000150eec35dc0, 0x00000150eec37240,
0x00000150eec39cf0, 0x00000150eec3b6f0, 0x00000150eedcf010, 0x00000150eedd14f0,
0x00000150effa5540, 0x00000150f072d800, 0x00000150f072b030, 0x00000150f07c6880,
0x00000150f06684b0, 0x00000150f0676220, 0x00000150f075f250, 0x00000150f076d9f0,
0x00000150f076a9d0, 0x00000150f076aea0, 0x00000150f076b370, 0x00000150f076bd10,
0x00000150f076c1e0, 0x00000150f076cb80, 0x00000150f076d050, 0x00000150f076a030,
0x00000150f076c6b0, 0x00000150f076d520, 0x00000150f076a500, 0x00000150ef195c50,
0x00000150ef195780, 0x00000150ef19a950, 0x00000150ef19c160, 0x00000150ef197e00,
0x00000150ef1965f0, 0x00000150ef1982d0, 0x00000150ef1952b0, 0x00000150ef19a480,
0x00000150ef19bc90, 0x00000150ef196ac0, 0x00000150ef196f90, 0x00000150ef19ae20,
0x00000150ef197460, 0x00000150ef197930, 0x00000150ef199140, 0x00000150ef19c630,
0x00000150ef199610, 0x00000150ef199ae0, 0x00000150ef19cb00, 0x00000150ef199fb0,
0x00000150f36d4d60, 0x00000150f36d0530, 0x00000150f36d4890, 0x00000150f36d26e0,
0x00000150f36d5700, 0x00000150f36d5bd0, 0x00000150f36d60a0, 0x00000150f36d3550,
0x00000150f36d0ed0, 0x00000150f36d1870, 0x00000150f36d3080, 0x00000150f36d0a00,
0x00000150f36d3a20, 0x00000150f36d1d40, 0x00000150f36d13a0, 0x00000150f36d0060,
0x00000150f36d2210, 0x00000150f36d2bb0, 0x00000150f36d78b0, 0x00000150f36d6f10,
0x00000150f36d3ef0, 0x00000150f36d5230, 0x00000150f36d6570, 0x00000150f36d43c0,
0x00000150f36d73e0, 0x00000150f36d6a40, 0x00000150f3d1e4f0, 0x00000150f3d1db50,
0x00000150f3d20b70, 0x00000150f3d1b000, 0x00000150f3d1b4d0, 0x00000150f3d21040,
0x00000150f3d1ee90, 0x00000150f3d1ab30, 0x00000150f3d1d680, 0x00000150f3d1a660,
0x00000150f3d1b9a0, 0x00000150f3d1c340, 0x00000150f3d1fd00, 0x00000150f3d21510,
0x00000150f3d201d0, 0x00000150f3d1be70, 0x00000150f3d206a0, 0x00000150f3d1e9c0,
0x00000150f3d219e0, 0x00000150f3d1c810, 0x00000150f3d1cce0, 0x00000150f3d1f360,
0x00000150f3d1e020, 0x00000150f3d1d1b0, 0x00000150f3d1f830, 0x00000150f3d21eb0,
0x00000150f689f320, 0x00000150f689aaf0, 0x00000150f689db10, 0x00000150f689b960,
0x00000150f689afc0, 0x00000150f689be30, 0x00000150f689e980, 0x00000150f68a19a0,
0x00000150f689d170, 0x00000150f689f7f0, 0x00000150f68a2340, 0x00000150f689b490,
0x00000150f689c300, 0x00000150f689d640, 0x00000150f689dfe0, 0x00000150f689c7d0,
0x00000150f689fcc0, 0x00000150f68a1000, 0x00000150f689e4b0, 0x00000150f68a0190,
0x00000150f68a1e70, 0x00000150f68a0660, 0x00000150f656c360, 0x00000150f6572870,
0x00000150f656be90, 0x00000150f656e040, 0x00000150f65701f0, 0x00000150f65706c0,
0x00000150f65723a0, 0x00000150f656e9e0, 0x00000150f656d6a0, 0x00000150f35dd880,
0x00000150f35e0d70, 0x00000150f35df560, 0x00000150f35e1be0, 0x00000150f35dfa30,
0x00000150f35dff00, 0x00000150f35e33f0, 0x00000150f35e20b0, 0x00000150f35e1240,
0x00000150f35de220, 0x00000150f35e1710, 0x00000150f35e2580, 0x00000150f35e2f20
}

Java Threads: ( => current thread )
  0x00000150d428b7a0 JavaThread "main" [_thread_blocked, id=15544, stack(0x00000008a0700000,0x00000008a0800000)]
  0x00000150eec12250 JavaThread "Reference Handler" daemon [_thread_blocked, id=15304, stack(0x00000008a0e00000,0x00000008a0f00000)]
  0x00000150eec12e00 JavaThread "Finalizer" daemon [_thread_blocked, id=8940, stack(0x00000008a0f00000,0x00000008a1000000)]
  0x00000150ee0f1d00 JavaThread "Signal Dispatcher" daemon [_thread_blocked, id=21012, stack(0x00000008a1000000,0x00000008a1100000)]
  0x00000150ee0f28b0 JavaThread "Attach Listener" daemon [_thread_blocked, id=4260, stack(0x00000008a1100000,0x00000008a1200000)]
  0x00000150eec35410 JavaThread "Service Thread" daemon [_thread_blocked, id=1748, stack(0x00000008a1200000,0x00000008a1300000)]
  0x00000150eec35dc0 JavaThread "Monitor Deflation Thread" daemon [_thread_blocked, id=10480, stack(0x00000008a1300000,0x00000008a1400000)]
=>0x00000150eec37240 JavaThread "C2 CompilerThread0" daemon [_thread_in_native, id=1140, stack(0x00000008a1400000,0x00000008a1500000)]
  0x00000150eec39cf0 JavaThread "C1 CompilerThread0" daemon [_thread_blocked, id=19712, stack(0x00000008a1500000,0x00000008a1600000)]
  0x00000150eec3b6f0 JavaThread "Sweeper thread" daemon [_thread_blocked, id=4024, stack(0x00000008a1600000,0x00000008a1700000)]
  0x00000150eedcf010 JavaThread "Common-Cleaner" daemon [_thread_blocked, id=20520, stack(0x00000008a1700000,0x00000008a1800000)]
  0x00000150eedd14f0 JavaThread "Notification Thread" daemon [_thread_blocked, id=2280, stack(0x00000008a1800000,0x00000008a1900000)]
  0x00000150effa5540 JavaThread "Daemon health stats" [_thread_blocked, id=5380, stack(0x00000008a1e00000,0x00000008a1f00000)]
  0x00000150f072d800 JavaThread "Incoming local TCP Connector on port 65057" [_thread_in_native, id=19128, stack(0x00000008a1f00000,0x00000008a2000000)]
  0x00000150f072b030 JavaThread "Daemon periodic checks" [_thread_blocked, id=17668, stack(0x00000008a2000000,0x00000008a2100000)]
  0x00000150f07c6880 JavaThread "Daemon" [_thread_blocked, id=10676, stack(0x00000008a2100000,0x00000008a2200000)]
  0x00000150f06684b0 JavaThread "Handler for socket connection from /127.0.0.1:65057 to /127.0.0.1:65058" [_thread_in_native, id=19444, stack(0x00000008a2200000,0x00000008a2300000)]
  0x00000150f0676220 JavaThread "Cancel handler" [_thread_blocked, id=21336, stack(0x00000008a2300000,0x00000008a2400000)]
  0x00000150f075f250 JavaThread "Daemon worker" [_thread_blocked, id=18960, stack(0x00000008a2400000,0x00000008a2500000)]
  0x00000150f076d9f0 JavaThread "Asynchronous log dispatcher for DefaultDaemonConnection: socket connection from /127.0.0.1:65057 to /127.0.0.1:65058" [_thread_blocked, id=20332, stack(0x00000008a2500000,0x00000008a2600000)]
  0x00000150f076a9d0 JavaThread "Stdin handler" [_thread_blocked, id=5404, stack(0x00000008a2600000,0x00000008a2700000)]
  0x00000150f076aea0 JavaThread "Daemon client event forwarder" [_thread_blocked, id=8936, stack(0x00000008a2700000,0x00000008a2800000)]
  0x00000150f076b370 JavaThread "Cache worker for journal cache (C:\Users\SOPORTE\.gradle\caches\journal-1)" [_thread_blocked, id=19504, stack(0x00000008a2c00000,0x00000008a2d00000)]
  0x00000150f076bd10 JavaThread "File lock request listener" [_thread_in_native, id=20316, stack(0x00000008a2d00000,0x00000008a2e00000)]
  0x00000150f076c1e0 JavaThread "Cache worker for file hash cache (C:\Users\SOPORTE\.gradle\caches\8.0\fileHashes)" [_thread_blocked, id=20636, stack(0x00000008a2e00000,0x00000008a2f00000)]
  0x00000150f076cb80 JavaThread "File watcher server" daemon [_thread_in_native, id=16208, stack(0x00000008a2f00000,0x00000008a3000000)]
  0x00000150f076d050 JavaThread "File watcher consumer" daemon [_thread_blocked, id=19636, stack(0x00000008a3000000,0x00000008a3100000)]
  0x00000150f076a030 JavaThread "Cache worker for checksums cache (C:\Users\SOPORTE\AndroidStudioProjects\Prueba\.gradle\8.0\checksums)" [_thread_blocked, id=18916, stack(0x00000008a3100000,0x00000008a3200000)]
  0x00000150f076c6b0 JavaThread "Cache worker for cache directory md-rule (C:\Users\SOPORTE\.gradle\caches\8.0\md-rule)" [_thread_blocked, id=2304, stack(0x00000008a3200000,0x00000008a3300000)]
  0x00000150f076d520 JavaThread "Cache worker for file content cache (C:\Users\SOPORTE\.gradle\caches\8.0\fileContent)" [_thread_blocked, id=11584, stack(0x00000008a3300000,0x00000008a3400000)]
  0x00000150f076a500 JavaThread "Cache worker for file hash cache (C:\Users\SOPORTE\AndroidStudioProjects\Prueba\.gradle\8.0\fileHashes)" [_thread_blocked, id=19700, stack(0x00000008a3400000,0x00000008a3500000)]
  0x00000150ef195c50 JavaThread "Cache worker for cache directory md-supplier (C:\Users\SOPORTE\.gradle\caches\8.0\md-supplier)" [_thread_blocked, id=20516, stack(0x00000008a3500000,0x00000008a3600000)]
  0x00000150ef195780 JavaThread "Cache worker for execution history cache (C:\Users\SOPORTE\.gradle\caches\8.0\executionHistory)" [_thread_blocked, id=21488, stack(0x00000008a3600000,0x00000008a3700000)]
  0x00000150ef19a950 JavaThread "jar transforms" [_thread_blocked, id=6616, stack(0x00000008a3700000,0x00000008a3800000)]
  0x00000150ef19c160 JavaThread "jar transforms Thread 2" [_thread_blocked, id=18316, stack(0x00000008a3800000,0x00000008a3900000)]
  0x00000150ef197e00 JavaThread "Cache worker for kotlin-dsl (C:\Users\SOPORTE\.gradle\caches\8.0\kotlin-dsl)" [_thread_blocked, id=19592, stack(0x00000008a3b00000,0x00000008a3c00000)]
  0x00000150ef1965f0 JavaThread "jar transforms Thread 3" [_thread_blocked, id=17792, stack(0x00000008a3900000,0x00000008a3a00000)]
  0x00000150ef1982d0 JavaThread "jar transforms Thread 4" [_thread_blocked, id=1408, stack(0x00000008a3d00000,0x00000008a3e00000)]
  0x00000150ef1952b0 JavaThread "Cache worker for dependencies-accessors (C:\Users\SOPORTE\AndroidStudioProjects\Prueba\.gradle\8.0\dependencies-accessors)" [_thread_blocked, id=9028, stack(0x00000008a3e00000,0x00000008a3f00000)]
  0x00000150ef19a480 JavaThread "Cache worker for Build Output Cleanup Cache (C:\Users\SOPORTE\AndroidStudioProjects\Prueba\.gradle\buildOutputCleanup)" [_thread_blocked, id=19112, stack(0x00000008a3c00000,0x00000008a3d00000)]
  0x00000150ef19bc90 JavaThread "jar transforms Thread 5" [_thread_blocked, id=17964, stack(0x00000008a3f00000,0x00000008a4000000)]
  0x00000150ef196ac0 JavaThread "Unconstrained build operations" [_thread_blocked, id=18092, stack(0x00000008a4000000,0x00000008a4100000)]
  0x00000150ef196f90 JavaThread "Unconstrained build operations Thread 2" [_thread_blocked, id=7980, stack(0x00000008a4100000,0x00000008a4200000)]
  0x00000150ef19ae20 JavaThread "Unconstrained build operations Thread 3" [_thread_blocked, id=1276, stack(0x00000008a4200000,0x00000008a4300000)]
  0x00000150ef197460 JavaThread "Unconstrained build operations Thread 4" [_thread_blocked, id=17880, stack(0x00000008a4300000,0x00000008a4400000)]
  0x00000150ef197930 JavaThread "Unconstrained build operations Thread 5" [_thread_blocked, id=4896, stack(0x00000008a4400000,0x00000008a4500000)]
  0x00000150ef199140 JavaThread "Unconstrained build operations Thread 6" [_thread_blocked, id=18484, stack(0x00000008a4500000,0x00000008a4600000)]
  0x00000150ef19c630 JavaThread "Unconstrained build operations Thread 7" [_thread_blocked, id=9024, stack(0x00000008a4600000,0x00000008a4700000)]
  0x00000150ef199610 JavaThread "Unconstrained build operations Thread 8" [_thread_blocked, id=19308, stack(0x00000008a4700000,0x00000008a4800000)]
  0x00000150ef199ae0 JavaThread "Unconstrained build operations Thread 9" [_thread_blocked, id=6540, stack(0x00000008a4800000,0x00000008a4900000)]
  0x00000150ef19cb00 JavaThread "Unconstrained build operations Thread 10" [_thread_blocked, id=5584, stack(0x00000008a4900000,0x00000008a4a00000)]
  0x00000150ef199fb0 JavaThread "Unconstrained build operations Thread 11" [_thread_blocked, id=10096, stack(0x00000008a4a00000,0x00000008a4b00000)]
  0x00000150f36d4d60 JavaThread "Unconstrained build operations Thread 12" [_thread_blocked, id=14560, stack(0x00000008a4b00000,0x00000008a4c00000)]
  0x00000150f36d0530 JavaThread "Unconstrained build operations Thread 13" [_thread_blocked, id=10040, stack(0x00000008a4c00000,0x00000008a4d00000)]
  0x00000150f36d4890 JavaThread "Unconstrained build operations Thread 14" [_thread_blocked, id=20076, stack(0x00000008a4d00000,0x00000008a4e00000)]
  0x00000150f36d26e0 JavaThread "Unconstrained build operations Thread 15" [_thread_blocked, id=6544, stack(0x00000008a4e00000,0x00000008a4f00000)]
  0x00000150f36d5700 JavaThread "Unconstrained build operations Thread 16" [_thread_blocked, id=6788, stack(0x00000008a4f00000,0x00000008a5000000)]
  0x00000150f36d5bd0 JavaThread "Unconstrained build operations Thread 17" [_thread_blocked, id=11424, stack(0x00000008a5000000,0x00000008a5100000)]
  0x00000150f36d60a0 JavaThread "Unconstrained build operations Thread 18" [_thread_blocked, id=20960, stack(0x00000008a5100000,0x00000008a5200000)]
  0x00000150f36d3550 JavaThread "Unconstrained build operations Thread 19" [_thread_blocked, id=17320, stack(0x00000008a5200000,0x00000008a5300000)]
  0x00000150f36d0ed0 JavaThread "Unconstrained build operations Thread 20" [_thread_blocked, id=17552, stack(0x00000008a5300000,0x00000008a5400000)]
  0x00000150f36d1870 JavaThread "Unconstrained build operations Thread 21" [_thread_blocked, id=6232, stack(0x00000008a5400000,0x00000008a5500000)]
  0x00000150f36d3080 JavaThread "Unconstrained build operations Thread 22" [_thread_blocked, id=14024, stack(0x00000008a5500000,0x00000008a5600000)]
  0x00000150f36d0a00 JavaThread "Unconstrained build operations Thread 23" [_thread_blocked, id=20320, stack(0x00000008a5600000,0x00000008a5700000)]
  0x00000150f36d3a20 JavaThread "Unconstrained build operations Thread 24" [_thread_blocked, id=13732, stack(0x00000008a5700000,0x00000008a5800000)]
  0x00000150f36d1d40 JavaThread "Unconstrained build operations Thread 25" [_thread_blocked, id=1332, stack(0x00000008a5800000,0x00000008a5900000)]
  0x00000150f36d13a0 JavaThread "Unconstrained build operations Thread 26" [_thread_blocked, id=19836, stack(0x00000008a5900000,0x00000008a5a00000)]
  0x00000150f36d0060 JavaThread "Unconstrained build operations Thread 27" [_thread_blocked, id=19968, stack(0x00000008a5a00000,0x00000008a5b00000)]
  0x00000150f36d2210 JavaThread "Unconstrained build operations Thread 28" [_thread_blocked, id=19548, stack(0x00000008a5b00000,0x00000008a5c00000)]
  0x00000150f36d2bb0 JavaThread "Unconstrained build operations Thread 29" [_thread_blocked, id=10624, stack(0x00000008a5c00000,0x00000008a5d00000)]
  0x00000150f36d78b0 JavaThread "Unconstrained build operations Thread 30" [_thread_blocked, id=15192, stack(0x00000008a5d00000,0x00000008a5e00000)]
  0x00000150f36d6f10 JavaThread "Unconstrained build operations Thread 31" [_thread_blocked, id=3580, stack(0x00000008a5e00000,0x00000008a5f00000)]
  0x00000150f36d3ef0 JavaThread "Unconstrained build operations Thread 32" [_thread_blocked, id=11384, stack(0x00000008a5f00000,0x00000008a6000000)]
  0x00000150f36d5230 JavaThread "Unconstrained build operations Thread 33" [_thread_blocked, id=17336, stack(0x00000008a6000000,0x00000008a6100000)]
  0x00000150f36d6570 JavaThread "Unconstrained build operations Thread 34" [_thread_blocked, id=12400, stack(0x00000008a6100000,0x00000008a6200000)]
  0x00000150f36d43c0 JavaThread "Unconstrained build operations Thread 35" [_thread_blocked, id=12976, stack(0x00000008a6200000,0x00000008a6300000)]
  0x00000150f36d73e0 JavaThread "Unconstrained build operations Thread 36" [_thread_blocked, id=18952, stack(0x00000008a6300000,0x00000008a6400000)]
  0x00000150f36d6a40 JavaThread "Unconstrained build operations Thread 37" [_thread_blocked, id=2692, stack(0x00000008a6400000,0x00000008a6500000)]
  0x00000150f3d1e4f0 JavaThread "Unconstrained build operations Thread 38" [_thread_blocked, id=8900, stack(0x00000008a6500000,0x00000008a6600000)]
  0x00000150f3d1db50 JavaThread "Unconstrained build operations Thread 39" [_thread_blocked, id=20612, stack(0x00000008a6600000,0x00000008a6700000)]
  0x00000150f3d20b70 JavaThread "Unconstrained build operations Thread 40" [_thread_blocked, id=13612, stack(0x00000008a6700000,0x00000008a6800000)]
  0x00000150f3d1b000 JavaThread "Unconstrained build operations Thread 41" [_thread_blocked, id=5324, stack(0x00000008a6800000,0x00000008a6900000)]
  0x00000150f3d1b4d0 JavaThread "Unconstrained build operations Thread 42" [_thread_blocked, id=17712, stack(0x00000008a6900000,0x00000008a6a00000)]
  0x00000150f3d21040 JavaThread "Unconstrained build operations Thread 43" [_thread_blocked, id=2516, stack(0x00000008a6a00000,0x00000008a6b00000)]
  0x00000150f3d1ee90 JavaThread "Unconstrained build operations Thread 44" [_thread_blocked, id=18100, stack(0x00000008a6b00000,0x00000008a6c00000)]
  0x00000150f3d1ab30 JavaThread "Unconstrained build operations Thread 45" [_thread_blocked, id=3552, stack(0x00000008a6c00000,0x00000008a6d00000)]
  0x00000150f3d1d680 JavaThread "Unconstrained build operations Thread 46" [_thread_blocked, id=20816, stack(0x00000008a6d00000,0x00000008a6e00000)]
  0x00000150f3d1a660 JavaThread "Unconstrained build operations Thread 47" [_thread_blocked, id=14804, stack(0x00000008a6e00000,0x00000008a6f00000)]
  0x00000150f3d1b9a0 JavaThread "Unconstrained build operations Thread 48" [_thread_blocked, id=8496, stack(0x00000008a6f00000,0x00000008a7000000)]
  0x00000150f3d1c340 JavaThread "Unconstrained build operations Thread 49" [_thread_blocked, id=14492, stack(0x00000008a7000000,0x00000008a7100000)]
  0x00000150f3d1fd00 JavaThread "Unconstrained build operations Thread 50" [_thread_blocked, id=13120, stack(0x00000008a7100000,0x00000008a7200000)]
  0x00000150f3d21510 JavaThread "Unconstrained build operations Thread 51" [_thread_blocked, id=11732, stack(0x00000008a7200000,0x00000008a7300000)]
  0x00000150f3d201d0 JavaThread "Unconstrained build operations Thread 52" [_thread_blocked, id=20052, stack(0x00000008a7300000,0x00000008a7400000)]
  0x00000150f3d1be70 JavaThread "Unconstrained build operations Thread 53" [_thread_blocked, id=16016, stack(0x00000008a7400000,0x00000008a7500000)]
  0x00000150f3d206a0 JavaThread "Unconstrained build operations Thread 54" [_thread_blocked, id=5620, stack(0x00000008a7500000,0x00000008a7600000)]
  0x00000150f3d1e9c0 JavaThread "Unconstrained build operations Thread 55" [_thread_blocked, id=7284, stack(0x00000008a7600000,0x00000008a7700000)]
  0x00000150f3d219e0 JavaThread "Unconstrained build operations Thread 56" [_thread_blocked, id=2352, stack(0x00000008a7700000,0x00000008a7800000)]
  0x00000150f3d1c810 JavaThread "Unconstrained build operations Thread 57" [_thread_blocked, id=17168, stack(0x00000008a7800000,0x00000008a7900000)]
  0x00000150f3d1cce0 JavaThread "Unconstrained build operations Thread 58" [_thread_blocked, id=21100, stack(0x00000008a7900000,0x00000008a7a00000)]
  0x00000150f3d1f360 JavaThread "Unconstrained build operations Thread 59" [_thread_blocked, id=16740, stack(0x00000008a7a00000,0x00000008a7b00000)]
  0x00000150f3d1e020 JavaThread "Unconstrained build operations Thread 60" [_thread_blocked, id=9060, stack(0x00000008a7b00000,0x00000008a7c00000)]
  0x00000150f3d1d1b0 JavaThread "Unconstrained build operations Thread 61" [_thread_blocked, id=11496, stack(0x00000008a7c00000,0x00000008a7d00000)]
  0x00000150f3d1f830 JavaThread "Unconstrained build operations Thread 62" [_thread_blocked, id=20244, stack(0x00000008a7d00000,0x00000008a7e00000)]
  0x00000150f3d21eb0 JavaThread "Unconstrained build operations Thread 63" [_thread_blocked, id=10872, stack(0x00000008a7e00000,0x00000008a7f00000)]
  0x00000150f689f320 JavaThread "Unconstrained build operations Thread 64" [_thread_blocked, id=4384, stack(0x00000008a7f00000,0x00000008a8000000)]
  0x00000150f689aaf0 JavaThread "Unconstrained build operations Thread 65" [_thread_blocked, id=17540, stack(0x00000008a8000000,0x00000008a8100000)]
  0x00000150f689db10 JavaThread "Unconstrained build operations Thread 66" [_thread_blocked, id=1852, stack(0x00000008a8100000,0x00000008a8200000)]
  0x00000150f689b960 JavaThread "Unconstrained build operations Thread 67" [_thread_blocked, id=19012, stack(0x00000008a8200000,0x00000008a8300000)]
  0x00000150f689afc0 JavaThread "Unconstrained build operations Thread 68" [_thread_blocked, id=18500, stack(0x00000008a8300000,0x00000008a8400000)]
  0x00000150f689be30 JavaThread "Unconstrained build operations Thread 69" [_thread_blocked, id=4256, stack(0x00000008a8400000,0x00000008a8500000)]
  0x00000150f689e980 JavaThread "Unconstrained build operations Thread 70" [_thread_blocked, id=13172, stack(0x00000008a8500000,0x00000008a8600000)]
  0x00000150f68a19a0 JavaThread "Unconstrained build operations Thread 71" [_thread_blocked, id=10432, stack(0x00000008a8600000,0x00000008a8700000)]
  0x00000150f689d170 JavaThread "Unconstrained build operations Thread 72" [_thread_blocked, id=15344, stack(0x00000008a8700000,0x00000008a8800000)]
  0x00000150f689f7f0 JavaThread "Unconstrained build operations Thread 73" [_thread_blocked, id=4320, stack(0x00000008a8800000,0x00000008a8900000)]
  0x00000150f68a2340 JavaThread "Unconstrained build operations Thread 74" [_thread_blocked, id=19408, stack(0x00000008a8900000,0x00000008a8a00000)]
  0x00000150f689b490 JavaThread "Unconstrained build operations Thread 75" [_thread_blocked, id=9536, stack(0x00000008a8a00000,0x00000008a8b00000)]
  0x00000150f689c300 JavaThread "Unconstrained build operations Thread 76" [_thread_blocked, id=3484, stack(0x00000008a8b00000,0x00000008a8c00000)]
  0x00000150f689d640 JavaThread "Unconstrained build operations Thread 77" [_thread_blocked, id=8176, stack(0x00000008a8c00000,0x00000008a8d00000)]
  0x00000150f689dfe0 JavaThread "Unconstrained build operations Thread 78" [_thread_blocked, id=6068, stack(0x00000008a8d00000,0x00000008a8e00000)]
  0x00000150f689c7d0 JavaThread "Unconstrained build operations Thread 79" [_thread_blocked, id=4020, stack(0x00000008a8e00000,0x00000008a8f00000)]
  0x00000150f689fcc0 JavaThread "Unconstrained build operations Thread 80" [_thread_blocked, id=9104, stack(0x00000008a8f00000,0x00000008a9000000)]
  0x00000150f68a1000 JavaThread "jar transforms Thread 6" [_thread_blocked, id=4436, stack(0x00000008a9000000,0x00000008a9100000)]
  0x00000150f689e4b0 JavaThread "jar transforms Thread 7" [_thread_blocked, id=20716, stack(0x00000008a9100000,0x00000008a9200000)]
  0x00000150f68a0190 JavaThread "jar transforms Thread 8" [_thread_blocked, id=18200, stack(0x00000008a9200000,0x00000008a9300000)]
  0x00000150f68a1e70 JavaThread "build event listener" [_thread_blocked, id=5348, stack(0x00000008a9300000,0x00000008a9400000)]
  0x00000150f68a0660 JavaThread "Memory manager" [_thread_blocked, id=18208, stack(0x00000008a9500000,0x00000008a9600000)]
  0x00000150f656c360 JavaThread "included builds" [_thread_blocked, id=5964, stack(0x00000008a9400000,0x00000008a9500000)]
  0x00000150f6572870 JavaThread "Execution worker" [_thread_blocked, id=15720, stack(0x00000008a9600000,0x00000008a9700000)]
  0x00000150f656be90 JavaThread "Execution worker Thread 2" [_thread_blocked, id=12664, stack(0x00000008a9700000,0x00000008a9800000)]
  0x00000150f656e040 JavaThread "Execution worker Thread 3" [_thread_blocked, id=5228, stack(0x00000008a9800000,0x00000008a9900000)]
  0x00000150f65701f0 JavaThread "Execution worker Thread 4" [_thread_in_Java, id=3232, stack(0x00000008a9900000,0x00000008a9a00000)]
  0x00000150f65706c0 JavaThread "Execution worker Thread 5" [_thread_blocked, id=18040, stack(0x00000008a9a00000,0x00000008a9b00000)]
  0x00000150f65723a0 JavaThread "Execution worker Thread 6" [_thread_blocked, id=10752, stack(0x00000008a9b00000,0x00000008a9c00000)]
  0x00000150f656e9e0 JavaThread "Execution worker Thread 7" [_thread_blocked, id=21288, stack(0x00000008a9c00000,0x00000008a9d00000)]
  0x00000150f656d6a0 JavaThread "Cache worker for execution history cache (C:\Users\SOPORTE\AndroidStudioProjects\Prueba\.gradle\8.0\executionHistory)" [_thread_blocked, id=17052, stack(0x00000008a9d00000,0x00000008a9e00000)]
  0x00000150f35dd880 JavaThread "WorkerExecutor Queue" [_thread_blocked, id=15004, stack(0x00000008a9f00000,0x00000008aa000000)]
  0x00000150f35e0d70 JavaThread "RMI Scheduler(0)" daemon [_thread_blocked, id=20572, stack(0x00000008aa000000,0x00000008aa100000)]
  0x00000150f35df560 JavaThread "RMI GC Daemon" daemon [_thread_blocked, id=20920, stack(0x00000008aa200000,0x00000008aa300000)]
  0x00000150f35e1be0 JavaThread "RMI TCP Accept-0" daemon [_thread_in_native, id=9964, stack(0x00000008aa300000,0x00000008aa400000)]
  0x00000150f35dfa30 JavaThread "RMI Reaper" [_thread_blocked, id=13380, stack(0x00000008aa400000,0x00000008aa500000)]
  0x00000150f35dff00 JavaThread "RMI TCP Connection(1)-127.0.0.1" daemon [_thread_in_native, id=10524, stack(0x00000008aa500000,0x00000008aa600000)]
  0x00000150f35e33f0 JavaThread "WorkerExecutor Queue Thread 2" [_thread_blocked, id=15652, stack(0x00000008aa600000,0x00000008aa700000)]
  0x00000150f35e20b0 JavaThread "WorkerExecutor Queue Thread 3" [_thread_blocked, id=5060, stack(0x00000008aa700000,0x00000008aa800000)]
  0x00000150f35e1240 JavaThread "WorkerExecutor Queue Thread 4" [_thread_blocked, id=18580, stack(0x00000008aa800000,0x00000008aa900000)]
  0x00000150f35de220 JavaThread "WorkerExecutor Queue Thread 5" [_thread_blocked, id=4444, stack(0x00000008aa900000,0x00000008aaa00000)]
  0x00000150f35e1710 JavaThread "WorkerExecutor Queue Thread 6" [_thread_blocked, id=15188, stack(0x00000008aaa00000,0x00000008aab00000)]
  0x00000150f35e2580 JavaThread "WorkerExecutor Queue Thread 7" [_thread_blocked, id=14180, stack(0x00000008aab00000,0x00000008aac00000)]
  0x00000150f35e2f20 JavaThread "WorkerExecutor Queue Thread 8" [_thread_blocked, id=16488, stack(0x00000008aac00000,0x00000008aad00000)]

Other Threads:
  0x00000150ee0da960 VMThread "VM Thread" [stack: 0x00000008a0d00000,0x00000008a0e00000] [id=21244]
  0x00000150eedd59d0 WatcherThread [stack: 0x00000008a1900000,0x00000008a1a00000] [id=9772]
  0x00000150d42e7430 GCTaskThread "GC Thread#0" [stack: 0x00000008a0800000,0x00000008a0900000] [id=8344]
  0x00000150ef982780 GCTaskThread "GC Thread#1" [stack: 0x00000008a1a00000,0x00000008a1b00000] [id=17980]
  0x00000150ef89dd80 GCTaskThread "GC Thread#2" [stack: 0x00000008a1b00000,0x00000008a1c00000] [id=3400]
  0x00000150efc34990 GCTaskThread "GC Thread#3" [stack: 0x00000008a1c00000,0x00000008a1d00000] [id=12916]
  0x00000150efc16950 GCTaskThread "GC Thread#4" [stack: 0x00000008a1d00000,0x00000008a1e00000] [id=2988]
  0x00000150f05714a0 GCTaskThread "GC Thread#5" [stack: 0x00000008a2800000,0x00000008a2900000] [id=20120]
  0x00000150f13029a0 GCTaskThread "GC Thread#6" [stack: 0x00000008a2900000,0x00000008a2a00000] [id=16264]
  0x00000150eec91420 GCTaskThread "GC Thread#7" [stack: 0x00000008a2a00000,0x00000008a2b00000] [id=2828]
  0x00000150d42f8370 ConcurrentGCThread "G1 Main Marker" [stack: 0x00000008a0900000,0x00000008a0a00000] [id=4468]
  0x00000150d42f8d80 ConcurrentGCThread "G1 Conc#0" [stack: 0x00000008a0a00000,0x00000008a0b00000] [id=18112]
  0x00000150eec90c10 ConcurrentGCThread "G1 Conc#1" [stack: 0x00000008a2b00000,0x00000008a2c00000] [id=17948]
  0x00000150d434d400 ConcurrentGCThread "G1 Refine#0" [stack: 0x00000008a0b00000,0x00000008a0c00000] [id=4076]
  0x00000150f35177d0 ConcurrentGCThread "G1 Refine#1" [stack: 0x00000008a3a00000,0x00000008a3b00000] [id=16040]
  0x00000150d434de20 ConcurrentGCThread "G1 Service" [stack: 0x00000008a0c00000,0x00000008a0d00000] [id=15116]

Threads with active compile tasks:
C2 CompilerThread0    59806 13642 %     4       org.gradle.internal.instantiation.generator.AbstractClassGenerator::inspectType @ 207 (560 bytes)

VM state: not at safepoint (normal execution)

VM Mutex/Monitor currently owned by a thread: None

Heap address: 0x0000000080000000, size: 2048 MB, Compressed Oops mode: 32-bit

CDS archive(s) not mapped
Compressed class space mapped at: 0x0000000100000000-0x0000000140000000, reserved size: 1073741824
Narrow klass base: 0x0000000000000000, Narrow klass shift: 3, Narrow klass range: 0x140000000

GC Precious Log:
 CPUs: 8 total, 8 available
 Memory: 7991M
 Large Page Support: Disabled
 NUMA Support: Disabled
 Compressed Oops: Enabled (32-bit)
 Heap Region Size: 1M
 Heap Min Capacity: 8M
 Heap Initial Capacity: 126M
 Heap Max Capacity: 2G
 Pre-touch: Disabled
 Parallel Workers: 8
 Concurrent Workers: 2
 Concurrent Refinement Workers: 8
 Periodic GC: Disabled

Heap:
 garbage-first heap   total 174080K, used 119789K [0x0000000080000000, 0x0000000100000000)
  region size 1024K, 21 young (21504K), 3 survivors (3072K)
 Metaspace       used 117287K, committed 118080K, reserved 1155072K
  class space    used 16339K, committed 16704K, reserved 1048576K

Heap Regions: E=young(eden), S=young(survivor), O=old, HS=humongous(starts), HC=humongous(continues), CS=collection set, F=free, OA=open archive, CA=closed archive, TAMS=top-at-mark-start (previous, next)
|   0|0x0000000080000000, 0x0000000080100000, 0x0000000080100000|100%|HS|  |TAMS 0x0000000080100000, 0x0000000080000000| Complete 
|   1|0x0000000080100000, 0x0000000080200000, 0x0000000080200000|100%|HC|  |TAMS 0x0000000080200000, 0x0000000080100000| Complete 
|   2|0x0000000080200000, 0x0000000080300000, 0x0000000080300000|100%|HC|  |TAMS 0x0000000080300000, 0x0000000080200000| Complete 
|   3|0x0000000080300000, 0x0000000080400000, 0x0000000080400000|100%|HC|  |TAMS 0x0000000080400000, 0x0000000080300000| Complete 
|   4|0x0000000080400000, 0x0000000080500000, 0x0000000080500000|100%| O|  |TAMS 0x0000000080500000, 0x0000000080400000| Untracked 
|   5|0x0000000080500000, 0x0000000080600000, 0x0000000080600000|100%| O|  |TAMS 0x0000000080600000, 0x0000000080500000| Untracked 
|   6|0x0000000080600000, 0x0000000080700000, 0x0000000080700000|100%| O|  |TAMS 0x0000000080700000, 0x0000000080600000| Untracked 
|   7|0x0000000080700000, 0x0000000080800000, 0x0000000080800000|100%| O|  |TAMS 0x0000000080800000, 0x0000000080700000| Untracked 
|   8|0x0000000080800000, 0x0000000080900000, 0x0000000080900000|100%| O|  |TAMS 0x0000000080900000, 0x0000000080800000| Untracked 
|   9|0x0000000080900000, 0x0000000080a00000, 0x0000000080a00000|100%| O|  |TAMS 0x0000000080a00000, 0x0000000080900000| Untracked 
|  10|0x0000000080a00000, 0x0000000080b00000, 0x0000000080b00000|100%| O|  |TAMS 0x0000000080b00000, 0x0000000080a00000| Untracked 
|  11|0x0000000080b00000, 0x0000000080c00000, 0x0000000080c00000|100%| O|  |TAMS 0x0000000080c00000, 0x0000000080b00000| Untracked 
|  12|0x0000000080c00000, 0x0000000080d00000, 0x0000000080d00000|100%| O|  |TAMS 0x0000000080d00000, 0x0000000080c00000| Untracked 
|  13|0x0000000080d00000, 0x0000000080e00000, 0x0000000080e00000|100%| O|  |TAMS 0x0000000080e00000, 0x0000000080d00000| Untracked 
|  14|0x0000000080e00000, 0x0000000080f00000, 0x0000000080f00000|100%| O|  |TAMS 0x0000000080f00000, 0x0000000080e00000| Untracked 
|  15|0x0000000080f00000, 0x0000000081000000, 0x0000000081000000|100%| O|  |TAMS 0x0000000081000000, 0x0000000080f00000| Untracked 
|  16|0x0000000081000000, 0x0000000081100000, 0x0000000081100000|100%| O|  |TAMS 0x0000000081100000, 0x0000000081000000| Untracked 
|  17|0x0000000081100000, 0x0000000081200000, 0x0000000081200000|100%| O|  |TAMS 0x0000000081200000, 0x0000000081100000| Untracked 
|  18|0x0000000081200000, 0x0000000081300000, 0x0000000081300000|100%| O|  |TAMS 0x0000000081300000, 0x0000000081200000| Untracked 
|  19|0x0000000081300000, 0x0000000081400000, 0x0000000081400000|100%| O|  |TAMS 0x0000000081400000, 0x0000000081300000| Untracked 
|  20|0x0000000081400000, 0x0000000081500000, 0x0000000081500000|100%| O|  |TAMS 0x0000000081500000, 0x0000000081400000| Untracked 
|  21|0x0000000081500000, 0x0000000081600000, 0x0000000081600000|100%| O|  |TAMS 0x0000000081600000, 0x0000000081500000| Untracked 
|  22|0x0000000081600000, 0x0000000081700000, 0x0000000081700000|100%| O|  |TAMS 0x0000000081700000, 0x0000000081600000| Untracked 
|  23|0x0000000081700000, 0x0000000081800000, 0x0000000081800000|100%| O|  |TAMS 0x0000000081800000, 0x0000000081700000| Untracked 
|  24|0x0000000081800000, 0x0000000081900000, 0x0000000081900000|100%| O|  |TAMS 0x0000000081900000, 0x0000000081800000| Untracked 
|  25|0x0000000081900000, 0x0000000081a00000, 0x0000000081a00000|100%| O|  |TAMS 0x0000000081a00000, 0x0000000081900000| Untracked 
|  26|0x0000000081a00000, 0x0000000081b00000, 0x0000000081b00000|100%| O|  |TAMS 0x0000000081b00000, 0x0000000081a00000| Untracked 
|  27|0x0000000081b00000, 0x0000000081c00000, 0x0000000081c00000|100%| O|  |TAMS 0x0000000081c00000, 0x0000000081b00000| Untracked 
|  28|0x0000000081c00000, 0x0000000081d00000, 0x0000000081d00000|100%| O|  |TAMS 0x0000000081d00000, 0x0000000081c00000| Untracked 
|  29|0x0000000081d00000, 0x0000000081e00000, 0x0000000081e00000|100%| O|  |TAMS 0x0000000081e00000, 0x0000000081d00000| Untracked 
|  30|0x0000000081e00000, 0x0000000081f00000, 0x0000000081f00000|100%| O|  |TAMS 0x0000000081f00000, 0x0000000081e00000| Untracked 
|  31|0x0000000081f00000, 0x0000000082000000, 0x0000000082000000|100%|HS|  |TAMS 0x0000000082000000, 0x0000000081f00000| Complete 
|  32|0x0000000082000000, 0x0000000082100000, 0x0000000082100000|100%|HS|  |TAMS 0x0000000082100000, 0x0000000082000000| Complete 
|  33|0x0000000082100000, 0x0000000082200000, 0x0000000082200000|100%|HS|  |TAMS 0x0000000082200000, 0x0000000082100000| Complete 
|  34|0x0000000082200000, 0x0000000082300000, 0x0000000082300000|100%|HC|  |TAMS 0x0000000082300000, 0x0000000082200000| Complete 
|  35|0x0000000082300000, 0x0000000082400000, 0x0000000082400000|100%| O|  |TAMS 0x0000000082400000, 0x0000000082300000| Untracked 
|  36|0x0000000082400000, 0x0000000082500000, 0x0000000082500000|100%| O|  |TAMS 0x0000000082500000, 0x0000000082400000| Untracked 
|  37|0x0000000082500000, 0x0000000082600000, 0x0000000082600000|100%| O|  |TAMS 0x0000000082600000, 0x0000000082500000| Untracked 
|  38|0x0000000082600000, 0x0000000082700000, 0x0000000082700000|100%| O|  |TAMS 0x0000000082700000, 0x0000000082600000| Untracked 
|  39|0x0000000082700000, 0x0000000082800000, 0x0000000082800000|100%|HS|  |TAMS 0x0000000082800000, 0x0000000082700000| Complete 
|  40|0x0000000082800000, 0x0000000082900000, 0x0000000082900000|100%|HS|  |TAMS 0x0000000082900000, 0x0000000082800000| Complete 
|  41|0x0000000082900000, 0x0000000082a00000, 0x0000000082a00000|100%|HC|  |TAMS 0x0000000082a00000, 0x0000000082900000| Complete 
|  42|0x0000000082a00000, 0x0000000082b00000, 0x0000000082b00000|100%|HC|  |TAMS 0x0000000082b00000, 0x0000000082a00000| Complete 
|  43|0x0000000082b00000, 0x0000000082c00000, 0x0000000082c00000|100%|HC|  |TAMS 0x0000000082c00000, 0x0000000082b00000| Complete 
|  44|0x0000000082c00000, 0x0000000082d00000, 0x0000000082d00000|100%| O|  |TAMS 0x0000000082d00000, 0x0000000082c00000| Untracked 
|  45|0x0000000082d00000, 0x0000000082d00000, 0x0000000082e00000|  0%| F|  |TAMS 0x0000000082d00000, 0x0000000082d00000| Untracked 
|  46|0x0000000082e00000, 0x0000000082f00000, 0x0000000082f00000|100%| O|  |TAMS 0x0000000082f00000, 0x0000000082e00000| Untracked 
|  47|0x0000000082f00000, 0x0000000083000000, 0x0000000083000000|100%| O|  |TAMS 0x0000000083000000, 0x0000000082f00000| Untracked 
|  48|0x0000000083000000, 0x0000000083100000, 0x0000000083100000|100%| O|  |TAMS 0x0000000083100000, 0x0000000083000000| Untracked 
|  49|0x0000000083100000, 0x0000000083200000, 0x0000000083200000|100%| O|  |TAMS 0x0000000083200000, 0x0000000083100000| Untracked 
|  50|0x0000000083200000, 0x0000000083300000, 0x0000000083300000|100%| O|  |TAMS 0x0000000083300000, 0x0000000083200000| Untracked 
|  51|0x0000000083300000, 0x0000000083400000, 0x0000000083400000|100%| O|  |TAMS 0x0000000083400000, 0x0000000083300000| Untracked 
|  52|0x0000000083400000, 0x0000000083500000, 0x0000000083500000|100%| O|  |TAMS 0x0000000083500000, 0x0000000083400000| Untracked 
|  53|0x0000000083500000, 0x0000000083600000, 0x0000000083600000|100%| O|  |TAMS 0x0000000083600000, 0x0000000083500000| Untracked 
|  54|0x0000000083600000, 0x0000000083700000, 0x0000000083700000|100%| O|  |TAMS 0x0000000083700000, 0x0000000083600000| Untracked 
|  55|0x0000000083700000, 0x0000000083800000, 0x0000000083800000|100%| O|  |TAMS 0x0000000083800000, 0x0000000083700000| Untracked 
|  56|0x0000000083800000, 0x0000000083900000, 0x0000000083900000|100%| O|  |TAMS 0x0000000083900000, 0x0000000083800000| Untracked 
|  57|0x0000000083900000, 0x0000000083a00000, 0x0000000083a00000|100%| O|  |TAMS 0x0000000083a00000, 0x0000000083900000| Untracked 
|  58|0x0000000083a00000, 0x0000000083b00000, 0x0000000083b00000|100%| O|  |TAMS 0x0000000083b00000, 0x0000000083a00000| Untracked 
|  59|0x0000000083b00000, 0x0000000083c00000, 0x0000000083c00000|100%| O|  |TAMS 0x0000000083c00000, 0x0000000083b00000| Untracked 
|  60|0x0000000083c00000, 0x0000000083d00000, 0x0000000083d00000|100%| O|  |TAMS 0x0000000083d00000, 0x0000000083c00000| Untracked 
|  61|0x0000000083d00000, 0x0000000083e00000, 0x0000000083e00000|100%| O|  |TAMS 0x0000000083e00000, 0x0000000083d00000| Untracked 
|  62|0x0000000083e00000, 0x0000000083f00000, 0x0000000083f00000|100%| O|  |TAMS 0x0000000083f00000, 0x0000000083e00000| Untracked 
|  63|0x0000000083f00000, 0x0000000084000000, 0x0000000084000000|100%| O|  |TAMS 0x0000000084000000, 0x0000000083f00000| Untracked 
|  64|0x0000000084000000, 0x0000000084100000, 0x0000000084100000|100%| O|  |TAMS 0x0000000084100000, 0x0000000084000000| Untracked 
|  65|0x0000000084100000, 0x0000000084200000, 0x0000000084200000|100%| O|  |TAMS 0x0000000084200000, 0x0000000084100000| Untracked 
|  66|0x0000000084200000, 0x0000000084300000, 0x0000000084300000|100%| O|  |TAMS 0x0000000084300000, 0x0000000084200000| Untracked 
|  67|0x0000000084300000, 0x0000000084400000, 0x0000000084400000|100%| O|  |TAMS 0x0000000084400000, 0x0000000084300000| Untracked 
|  68|0x0000000084400000, 0x0000000084500000, 0x0000000084500000|100%| O|  |TAMS 0x0000000084500000, 0x0000000084400000| Untracked 
|  69|0x0000000084500000, 0x0000000084600000, 0x0000000084600000|100%| O|  |TAMS 0x0000000084600000, 0x0000000084500000| Untracked 
|  70|0x0000000084600000, 0x0000000084700000, 0x0000000084700000|100%| O|  |TAMS 0x0000000084700000, 0x0000000084600000| Untracked 
|  71|0x0000000084700000, 0x0000000084800000, 0x0000000084800000|100%| O|  |TAMS 0x0000000084800000, 0x0000000084700000| Untracked 
|  72|0x0000000084800000, 0x0000000084900000, 0x0000000084900000|100%| O|  |TAMS 0x0000000084900000, 0x0000000084800000| Untracked 
|  73|0x0000000084900000, 0x0000000084a00000, 0x0000000084a00000|100%| O|  |TAMS 0x0000000084a00000, 0x0000000084900000| Untracked 
|  74|0x0000000084a00000, 0x0000000084b00000, 0x0000000084b00000|100%| O|  |TAMS 0x0000000084b00000, 0x0000000084a00000| Untracked 
|  75|0x0000000084b00000, 0x0000000084c00000, 0x0000000084c00000|100%| O|  |TAMS 0x0000000084c00000, 0x0000000084b00000| Untracked 
|  76|0x0000000084c00000, 0x0000000084d00000, 0x0000000084d00000|100%| O|  |TAMS 0x0000000084d00000, 0x0000000084c00000| Untracked 
|  77|0x0000000084d00000, 0x0000000084e00000, 0x0000000084e00000|100%| O|  |TAMS 0x0000000084e00000, 0x0000000084d00000| Untracked 
|  78|0x0000000084e00000, 0x0000000084f00000, 0x0000000084f00000|100%| O|  |TAMS 0x0000000084f00000, 0x0000000084e00000| Untracked 
|  79|0x0000000084f00000, 0x0000000085000000, 0x0000000085000000|100%| O|  |TAMS 0x0000000085000000, 0x0000000084f00000| Untracked 
|  80|0x0000000085000000, 0x0000000085100000, 0x0000000085100000|100%| O|  |TAMS 0x0000000085100000, 0x0000000085000000| Untracked 
|  81|0x0000000085100000, 0x0000000085200000, 0x0000000085200000|100%| O|  |TAMS 0x0000000085200000, 0x0000000085100000| Untracked 
|  82|0x0000000085200000, 0x0000000085300000, 0x0000000085300000|100%| O|  |TAMS 0x0000000085300000, 0x0000000085200000| Untracked 
|  83|0x0000000085300000, 0x0000000085400000, 0x0000000085400000|100%| O|  |TAMS 0x0000000085400000, 0x0000000085300000| Untracked 
|  84|0x0000000085400000, 0x0000000085500000, 0x0000000085500000|100%| O|  |TAMS 0x0000000085500000, 0x0000000085400000| Untracked 
|  85|0x0000000085500000, 0x0000000085600000, 0x0000000085600000|100%| O|  |TAMS 0x0000000085600000, 0x0000000085500000| Untracked 
|  86|0x0000000085600000, 0x0000000085700000, 0x0000000085700000|100%| O|  |TAMS 0x0000000085700000, 0x0000000085600000| Untracked 
|  87|0x0000000085700000, 0x0000000085800000, 0x0000000085800000|100%| O|  |TAMS 0x0000000085800000, 0x0000000085700000| Untracked 
|  88|0x0000000085800000, 0x0000000085900000, 0x0000000085900000|100%| O|  |TAMS 0x0000000085900000, 0x0000000085800000| Untracked 
|  89|0x0000000085900000, 0x0000000085a00000, 0x0000000085a00000|100%| O|  |TAMS 0x0000000085a00000, 0x0000000085900000| Untracked 
|  90|0x0000000085a00000, 0x0000000085b00000, 0x0000000085b00000|100%| O|  |TAMS 0x0000000085b00000, 0x0000000085a00000| Untracked 
|  91|0x0000000085b00000, 0x0000000085c00000, 0x0000000085c00000|100%| O|  |TAMS 0x0000000085c00000, 0x0000000085b00000| Untracked 
|  92|0x0000000085c00000, 0x0000000085d00000, 0x0000000085d00000|100%| O|  |TAMS 0x0000000085c89000, 0x0000000085c00000| Untracked 
|  93|0x0000000085d00000, 0x0000000085e00000, 0x0000000085e00000|100%| O|  |TAMS 0x0000000085d00000, 0x0000000085d00000| Untracked 
|  94|0x0000000085e00000, 0x0000000085f00000, 0x0000000085f00000|100%| O|  |TAMS 0x0000000085e00000, 0x0000000085e00000| Untracked 
|  95|0x0000000085f00000, 0x0000000086000000, 0x0000000086000000|100%| O|  |TAMS 0x0000000085f00000, 0x0000000085f00000| Untracked 
|  96|0x0000000086000000, 0x0000000086100000, 0x0000000086100000|100%| O|  |TAMS 0x0000000086000000, 0x0000000086000000| Untracked 
|  97|0x0000000086100000, 0x0000000086200000, 0x0000000086200000|100%| O|  |TAMS 0x0000000086100000, 0x0000000086100000| Untracked 
|  98|0x0000000086200000, 0x0000000086300000, 0x0000000086300000|100%| O|  |TAMS 0x0000000086200000, 0x0000000086200000| Untracked 
|  99|0x0000000086300000, 0x000000008637c600, 0x0000000086400000| 48%| O|  |TAMS 0x0000000086300000, 0x0000000086300000| Untracked 
| 100|0x0000000086400000, 0x0000000086400000, 0x0000000086500000|  0%| F|  |TAMS 0x0000000086400000, 0x0000000086400000| Untracked 
| 101|0x0000000086500000, 0x0000000086500000, 0x0000000086600000|  0%| F|  |TAMS 0x0000000086500000, 0x0000000086500000| Untracked 
| 102|0x0000000086600000, 0x0000000086600000, 0x0000000086700000|  0%| F|  |TAMS 0x0000000086600000, 0x0000000086600000| Untracked 
| 103|0x0000000086700000, 0x0000000086700000, 0x0000000086800000|  0%| F|  |TAMS 0x0000000086700000, 0x0000000086700000| Untracked 
| 104|0x0000000086800000, 0x0000000086800000, 0x0000000086900000|  0%| F|  |TAMS 0x0000000086800000, 0x0000000086800000| Untracked 
| 105|0x0000000086900000, 0x0000000086900000, 0x0000000086a00000|  0%| F|  |TAMS 0x0000000086900000, 0x0000000086900000| Untracked 
| 106|0x0000000086a00000, 0x0000000086a00000, 0x0000000086b00000|  0%| F|  |TAMS 0x0000000086a00000, 0x0000000086a00000| Untracked 
| 107|0x0000000086b00000, 0x0000000086b00000, 0x0000000086c00000|  0%| F|  |TAMS 0x0000000086b00000, 0x0000000086b00000| Untracked 
| 108|0x0000000086c00000, 0x0000000086c00000, 0x0000000086d00000|  0%| F|  |TAMS 0x0000000086c00000, 0x0000000086c00000| Untracked 
| 109|0x0000000086d00000, 0x0000000086d00000, 0x0000000086e00000|  0%| F|  |TAMS 0x0000000086d00000, 0x0000000086d00000| Untracked 
| 110|0x0000000086e00000, 0x0000000086e00000, 0x0000000086f00000|  0%| F|  |TAMS 0x0000000086e00000, 0x0000000086e00000| Untracked 
| 111|0x0000000086f00000, 0x0000000086f00000, 0x0000000087000000|  0%| F|  |TAMS 0x0000000086f00000, 0x0000000086f00000| Untracked 
| 112|0x0000000087000000, 0x0000000087000000, 0x0000000087100000|  0%| F|  |TAMS 0x0000000087000000, 0x0000000087000000| Untracked 
| 113|0x0000000087100000, 0x0000000087100000, 0x0000000087200000|  0%| F|  |TAMS 0x0000000087100000, 0x0000000087100000| Untracked 
| 114|0x0000000087200000, 0x0000000087200000, 0x0000000087300000|  0%| F|  |TAMS 0x0000000087200000, 0x0000000087200000| Untracked 
| 115|0x0000000087300000, 0x0000000087300000, 0x0000000087400000|  0%| F|  |TAMS 0x0000000087300000, 0x0000000087300000| Untracked 
| 116|0x0000000087400000, 0x0000000087400000, 0x0000000087500000|  0%| F|  |TAMS 0x0000000087400000, 0x0000000087400000| Untracked 
| 117|0x0000000087500000, 0x0000000087500000, 0x0000000087600000|  0%| F|  |TAMS 0x0000000087500000, 0x0000000087500000| Untracked 
| 118|0x0000000087600000, 0x0000000087600000, 0x0000000087700000|  0%| F|  |TAMS 0x0000000087600000, 0x0000000087600000| Untracked 
| 119|0x0000000087700000, 0x0000000087700000, 0x0000000087800000|  0%| F|  |TAMS 0x0000000087700000, 0x0000000087700000| Untracked 
| 120|0x0000000087800000, 0x0000000087800000, 0x0000000087900000|  0%| F|  |TAMS 0x0000000087800000, 0x0000000087800000| Untracked 
| 121|0x0000000087900000, 0x0000000087900000, 0x0000000087a00000|  0%| F|  |TAMS 0x0000000087900000, 0x0000000087900000| Untracked 
| 122|0x0000000087a00000, 0x0000000087a7eed0, 0x0000000087b00000| 49%| S|CS|TAMS 0x0000000087a00000, 0x0000000087a00000| Complete 
| 123|0x0000000087b00000, 0x0000000087c00000, 0x0000000087c00000|100%| S|CS|TAMS 0x0000000087b00000, 0x0000000087b00000| Complete 
| 124|0x0000000087c00000, 0x0000000087d00000, 0x0000000087d00000|100%| S|CS|TAMS 0x0000000087c00000, 0x0000000087c00000| Complete 
| 125|0x0000000087d00000, 0x0000000087d00000, 0x0000000087e00000|  0%| F|  |TAMS 0x0000000087d00000, 0x0000000087d00000| Untracked 
| 126|0x0000000087e00000, 0x0000000087e00000, 0x0000000087f00000|  0%| F|  |TAMS 0x0000000087e00000, 0x0000000087e00000| Untracked 
| 127|0x0000000087f00000, 0x0000000087f00000, 0x0000000088000000|  0%| F|  |TAMS 0x0000000087f00000, 0x0000000087f00000| Untracked 
| 128|0x0000000088000000, 0x0000000088000000, 0x0000000088100000|  0%| F|  |TAMS 0x0000000088000000, 0x0000000088000000| Untracked 
| 129|0x0000000088100000, 0x0000000088100000, 0x0000000088200000|  0%| F|  |TAMS 0x0000000088100000, 0x0000000088100000| Untracked 
| 130|0x0000000088200000, 0x0000000088200000, 0x0000000088300000|  0%| F|  |TAMS 0x0000000088200000, 0x0000000088200000| Untracked 
| 131|0x0000000088300000, 0x0000000088300000, 0x0000000088400000|  0%| F|  |TAMS 0x0000000088300000, 0x0000000088300000| Untracked 
| 132|0x0000000088400000, 0x0000000088400000, 0x0000000088500000|  0%| F|  |TAMS 0x0000000088400000, 0x0000000088400000| Untracked 
| 133|0x0000000088500000, 0x0000000088500000, 0x0000000088600000|  0%| F|  |TAMS 0x0000000088500000, 0x0000000088500000| Untracked 
| 134|0x0000000088600000, 0x0000000088600000, 0x0000000088700000|  0%| F|  |TAMS 0x0000000088600000, 0x0000000088600000| Untracked 
| 135|0x0000000088700000, 0x0000000088700000, 0x0000000088800000|  0%| F|  |TAMS 0x0000000088700000, 0x0000000088700000| Untracked 
| 136|0x0000000088800000, 0x0000000088800000, 0x0000000088900000|  0%| F|  |TAMS 0x0000000088800000, 0x0000000088800000| Untracked 
| 137|0x0000000088900000, 0x0000000088900000, 0x0000000088a00000|  0%| F|  |TAMS 0x0000000088900000, 0x0000000088900000| Untracked 
| 138|0x0000000088a00000, 0x0000000088a00000, 0x0000000088b00000|  0%| F|  |TAMS 0x0000000088a00000, 0x0000000088a00000| Untracked 
| 139|0x0000000088b00000, 0x0000000088b00000, 0x0000000088c00000|  0%| F|  |TAMS 0x0000000088b00000, 0x0000000088b00000| Untracked 
| 140|0x0000000088c00000, 0x0000000088c00000, 0x0000000088d00000|  0%| F|  |TAMS 0x0000000088c00000, 0x0000000088c00000| Untracked 
| 141|0x0000000088d00000, 0x0000000088d00000, 0x0000000088e00000|  0%| F|  |TAMS 0x0000000088d00000, 0x0000000088d00000| Untracked 
| 142|0x0000000088e00000, 0x0000000088e00000, 0x0000000088f00000|  0%| F|  |TAMS 0x0000000088e00000, 0x0000000088e00000| Untracked 
| 143|0x0000000088f00000, 0x0000000088f00000, 0x0000000089000000|  0%| F|  |TAMS 0x0000000088f00000, 0x0000000088f00000| Untracked 
| 144|0x0000000089000000, 0x0000000089000000, 0x0000000089100000|  0%| F|  |TAMS 0x0000000089000000, 0x0000000089000000| Untracked 
| 145|0x0000000089100000, 0x0000000089100000, 0x0000000089200000|  0%| F|  |TAMS 0x0000000089100000, 0x0000000089100000| Untracked 
| 146|0x0000000089200000, 0x0000000089200000, 0x0000000089300000|  0%| F|  |TAMS 0x0000000089200000, 0x0000000089200000| Untracked 
| 147|0x0000000089300000, 0x0000000089300000, 0x0000000089400000|  0%| F|  |TAMS 0x0000000089300000, 0x0000000089300000| Untracked 
| 148|0x0000000089400000, 0x0000000089400000, 0x0000000089500000|  0%| F|  |TAMS 0x0000000089400000, 0x0000000089400000| Untracked 
| 149|0x0000000089500000, 0x0000000089500000, 0x0000000089600000|  0%| F|  |TAMS 0x0000000089500000, 0x0000000089500000| Untracked 
| 150|0x0000000089600000, 0x0000000089600000, 0x0000000089700000|  0%| F|  |TAMS 0x0000000089600000, 0x0000000089600000| Untracked 
| 151|0x0000000089700000, 0x0000000089700000, 0x0000000089800000|  0%| F|  |TAMS 0x0000000089700000, 0x0000000089700000| Untracked 
| 152|0x0000000089800000, 0x00000000898eb820, 0x0000000089900000| 91%| E|  |TAMS 0x0000000089800000, 0x0000000089800000| Complete 
| 153|0x0000000089900000, 0x0000000089a00000, 0x0000000089a00000|100%| E|CS|TAMS 0x0000000089900000, 0x0000000089900000| Complete 
| 154|0x0000000089a00000, 0x0000000089b00000, 0x0000000089b00000|100%| E|CS|TAMS 0x0000000089a00000, 0x0000000089a00000| Complete 
| 155|0x0000000089b00000, 0x0000000089c00000, 0x0000000089c00000|100%| E|CS|TAMS 0x0000000089b00000, 0x0000000089b00000| Complete 
| 156|0x0000000089c00000, 0x0000000089d00000, 0x0000000089d00000|100%| E|CS|TAMS 0x0000000089c00000, 0x0000000089c00000| Complete 
| 157|0x0000000089d00000, 0x0000000089e00000, 0x0000000089e00000|100%| E|CS|TAMS 0x0000000089d00000, 0x0000000089d00000| Complete 
| 158|0x0000000089e00000, 0x0000000089f00000, 0x0000000089f00000|100%| E|CS|TAMS 0x0000000089e00000, 0x0000000089e00000| Complete 
| 159|0x0000000089f00000, 0x000000008a000000, 0x000000008a000000|100%| E|CS|TAMS 0x0000000089f00000, 0x0000000089f00000| Complete 
| 160|0x000000008a000000, 0x000000008a100000, 0x000000008a100000|100%| E|CS|TAMS 0x000000008a000000, 0x000000008a000000| Complete 
| 161|0x000000008a100000, 0x000000008a200000, 0x000000008a200000|100%| E|CS|TAMS 0x000000008a100000, 0x000000008a100000| Complete 
| 162|0x000000008a200000, 0x000000008a300000, 0x000000008a300000|100%| E|CS|TAMS 0x000000008a200000, 0x000000008a200000| Complete 
| 163|0x000000008a300000, 0x000000008a400000, 0x000000008a400000|100%| E|CS|TAMS 0x000000008a300000, 0x000000008a300000| Complete 
| 164|0x000000008a400000, 0x000000008a500000, 0x000000008a500000|100%| E|CS|TAMS 0x000000008a400000, 0x000000008a400000| Complete 
| 165|0x000000008a500000, 0x000000008a600000, 0x000000008a600000|100%| E|  |TAMS 0x000000008a500000, 0x000000008a500000| Complete 
| 166|0x000000008a600000, 0x000000008a700000, 0x000000008a700000|100%| E|CS|TAMS 0x000000008a600000, 0x000000008a600000| Complete 
| 167|0x000000008a700000, 0x000000008a800000, 0x000000008a800000|100%| E|CS|TAMS 0x000000008a700000, 0x000000008a700000| Complete 
| 168|0x000000008a800000, 0x000000008a900000, 0x000000008a900000|100%| E|CS|TAMS 0x000000008a800000, 0x000000008a800000| Complete 
| 169|0x000000008a900000, 0x000000008aa00000, 0x000000008aa00000|100%| E|CS|TAMS 0x000000008a900000, 0x000000008a900000| Complete 

Card table byte_map: [0x00000150e6e80000,0x00000150e7280000] _byte_map_base: 0x00000150e6a80000

Marking Bits (Prev, Next): (CMBitMap*) 0x00000150d42e7a80, (CMBitMap*) 0x00000150d42e7a40
 Prev Bits: [0x00000150e9680000, 0x00000150eb680000)
 Next Bits: [0x00000150e7680000, 0x00000150e9680000)

Polling page: 0x00000150d3a50000

Metaspace:

Usage:
  Non-class:     98.59 MB used.
      Class:     15.96 MB used.
       Both:    114.55 MB used.

Virtual space:
  Non-class space:      104.00 MB reserved,      99.00 MB ( 95%) committed,  13 nodes.
      Class space:        1.00 GB reserved,      16.31 MB (  2%) committed,  1 nodes.
             Both:        1.10 GB reserved,     115.31 MB ( 10%) committed. 

Chunk freelists:
   Non-Class:  1.01 MB
       Class:  3.69 MB
        Both:  4.69 MB

MaxMetaspaceSize: unlimited
CompressedClassSpaceSize: 1.00 GB
Initial GC threshold: 21.00 MB
Current GC threshold: 163.12 MB
CDS: off
MetaspaceReclaimPolicy: balanced
 - commit_granule_bytes: 65536.
 - commit_granule_words: 8192.
 - virtual_space_node_default_size: 1048576.
 - enlarge_chunks_in_place: 1.
 - new_chunks_are_fully_committed: 0.
 - uncommit_free_chunks: 1.
 - use_allocation_guard: 0.
 - handle_deallocations: 1.


Internal statistics:

num_allocs_failed_limit: 6.
num_arena_births: 1324.
num_arena_deaths: 10.
num_vsnodes_births: 14.
num_vsnodes_deaths: 0.
num_space_committed: 1844.
num_space_uncommitted: 0.
num_chunks_returned_to_freelist: 18.
num_chunks_taken_from_freelist: 5804.
num_chunk_merges: 11.
num_chunk_splits: 3847.
num_chunks_enlarged: 2617.
num_purges: 2.
num_inconsistent_stats: 0.

CodeHeap 'non-profiled nmethods': size=120000Kb used=6510Kb max_used=7202Kb free=113489Kb
 bounds [0x00000150df220000, 0x00000150df930000, 0x00000150e6750000]
CodeHeap 'profiled nmethods': size=120000Kb used=22013Kb max_used=22632Kb free=97986Kb
 bounds [0x00000150d7750000, 0x00000150d8d90000, 0x00000150dec80000]
CodeHeap 'non-nmethods': size=5760Kb used=2458Kb max_used=2488Kb free=3301Kb
 bounds [0x00000150dec80000, 0x00000150def00000, 0x00000150df220000]
 total_blobs=12563 nmethods=11570 adapters=904
 compilation: enabled
              stopped_count=0, restarted_count=0
 full_count=0

Compilation events (20 events):
Event: 59.720 Thread 0x00000150eec39cf0 13759       1       com.android.tools.r8.graph.e5::d (5 bytes)
Event: 59.720 Thread 0x00000150eec39cf0 nmethod 13759 0x00000150df7be710 code [0x00000150df7be8a0, 0x00000150df7be978]
Event: 59.720 Thread 0x00000150eec39cf0 13762       3       com.android.tools.r8.graph.e5::b (9 bytes)
Event: 59.720 Thread 0x00000150eec39cf0 nmethod 13762 0x00000150d7b02290 code [0x00000150d7b02420, 0x00000150d7b02568]
Event: 59.720 Thread 0x00000150eec39cf0 13756       1       com.android.tools.r8.graph.w0::s (5 bytes)
Event: 59.720 Thread 0x00000150eec39cf0 nmethod 13756 0x00000150df7be410 code [0x00000150df7be5a0, 0x00000150df7be678]
Event: 59.720 Thread 0x00000150eec39cf0 13763       3       java.util.Spliterators$IteratorSpliterator::forEachRemaining (58 bytes)
Event: 59.720 Thread 0x00000150eec39cf0 nmethod 13763 0x00000150d7b01890 code [0x00000150d7b01a80, 0x00000150d7b01f98]
Event: 59.724 Thread 0x00000150eec39cf0 13764       3       java.lang.ThreadLocal::get (38 bytes)
Event: 59.724 Thread 0x00000150eec39cf0 nmethod 13764 0x00000150d80a6890 code [0x00000150d80a6a60, 0x00000150d80a6d98]
Event: 59.726 Thread 0x00000150eec39cf0 13765       2       java.util.ArrayDeque::peek (5 bytes)
Event: 59.726 Thread 0x00000150eec39cf0 nmethod 13765 0x00000150d80a6490 code [0x00000150d80a6620, 0x00000150d80a6758]
Event: 59.726 Thread 0x00000150eec39cf0 13766   !   2       java.nio.file.FileTreeWalker::next (144 bytes)
Event: 59.727 Thread 0x00000150eec39cf0 nmethod 13766 0x00000150d81cb690 code [0x00000150d81cb8c0, 0x00000150d81cbe38]
Event: 59.729 Thread 0x00000150eec39cf0 13768       1       org.gradle.internal.execution.model.InputNormalizer::isIgnoringDirectories (5 bytes)
Event: 59.729 Thread 0x00000150eec39cf0 nmethod 13768 0x00000150df7be110 code [0x00000150df7be2a0, 0x00000150df7be378]
Event: 59.730 Thread 0x00000150eec39cf0 13769       3       org.gradle.api.internal.tasks.properties.AbstractFilePropertySpec::<init> (16 bytes)
Event: 59.730 Thread 0x00000150eec39cf0 nmethod 13769 0x00000150d81cb110 code [0x00000150d81cb2c0, 0x00000150d81cb598]
Event: 59.730 Thread 0x00000150eec39cf0 13770       3       org.gradle.api.internal.tasks.properties.FileParameterUtils::normalizerOrDefault (12 bytes)
Event: 59.730 Thread 0x00000150eec39cf0 nmethod 13770 0x00000150d80a6110 code [0x00000150d80a62a0, 0x00000150d80a63d8]

GC Heap History (20 events):
Event: 30.505 GC heap before
{Heap before GC invocations=48 (full 0):
 garbage-first heap   total 150528K, used 121518K [0x0000000080000000, 0x0000000100000000)
  region size 1024K, 43 young (44032K), 6 survivors (6144K)
 Metaspace       used 94829K, committed 95424K, reserved 1138688K
  class space    used 12970K, committed 13248K, reserved 1048576K
}
Event: 30.520 GC heap after
{Heap after GC invocations=49 (full 0):
 garbage-first heap   total 150528K, used 87530K [0x0000000080000000, 0x0000000100000000)
  region size 1024K, 4 young (4096K), 4 survivors (4096K)
 Metaspace       used 94829K, committed 95424K, reserved 1138688K
  class space    used 12970K, committed 13248K, reserved 1048576K
}
Event: 31.832 GC heap before
{Heap before GC invocations=49 (full 0):
 garbage-first heap   total 150528K, used 122346K [0x0000000080000000, 0x0000000100000000)
  region size 1024K, 39 young (39936K), 4 survivors (4096K)
 Metaspace       used 95118K, committed 95808K, reserved 1138688K
  class space    used 12980K, committed 13312K, reserved 1048576K
}
Event: 31.837 GC heap after
{Heap after GC invocations=50 (full 0):
 garbage-first heap   total 150528K, used 90237K [0x0000000080000000, 0x0000000100000000)
  region size 1024K, 3 young (3072K), 3 survivors (3072K)
 Metaspace       used 95118K, committed 95808K, reserved 1138688K
  class space    used 12980K, committed 13312K, reserved 1048576K
}
Event: 32.880 GC heap before
{Heap before GC invocations=51 (full 0):
 garbage-first heap   total 155648K, used 123005K [0x0000000080000000, 0x0000000100000000)
  region size 1024K, 36 young (36864K), 3 survivors (3072K)
 Metaspace       used 95641K, committed 96256K, reserved 1138688K
  class space    used 13024K, committed 13312K, reserved 1048576K
}
Event: 32.886 GC heap after
{Heap after GC invocations=52 (full 0):
 garbage-first heap   total 155648K, used 92228K [0x0000000080000000, 0x0000000100000000)
  region size 1024K, 5 young (5120K), 5 survivors (5120K)
 Metaspace       used 95641K, committed 96256K, reserved 1138688K
  class space    used 13024K, committed 13312K, reserved 1048576K
}
Event: 32.938 GC heap before
{Heap before GC invocations=52 (full 0):
 garbage-first heap   total 155648K, used 93252K [0x0000000080000000, 0x0000000100000000)
  region size 1024K, 7 young (7168K), 5 survivors (5120K)
 Metaspace       used 95641K, committed 96256K, reserved 1138688K
  class space    used 13024K, committed 13312K, reserved 1048576K
}
Event: 32.944 GC heap after
{Heap after GC invocations=53 (full 0):
 garbage-first heap   total 155648K, used 92285K [0x0000000080000000, 0x0000000100000000)
  region size 1024K, 1 young (1024K), 1 survivors (1024K)
 Metaspace       used 95641K, committed 96256K, reserved 1138688K
  class space    used 13024K, committed 13312K, reserved 1048576K
}
Event: 34.510 GC heap before
{Heap before GC invocations=53 (full 0):
 garbage-first heap   total 155648K, used 128125K [0x0000000080000000, 0x0000000100000000)
  region size 1024K, 37 young (37888K), 1 survivors (1024K)
 Metaspace       used 97345K, committed 97984K, reserved 1138688K
  class space    used 13268K, committed 13568K, reserved 1048576K
}
Event: 34.514 GC heap after
{Heap after GC invocations=54 (full 0):
 garbage-first heap   total 155648K, used 94809K [0x0000000080000000, 0x0000000100000000)
  region size 1024K, 4 young (4096K), 4 survivors (4096K)
 Metaspace       used 97345K, committed 97984K, reserved 1138688K
  class space    used 13268K, committed 13568K, reserved 1048576K
}
Event: 35.442 GC heap before
{Heap before GC invocations=54 (full 0):
 garbage-first heap   total 155648K, used 127577K [0x0000000080000000, 0x0000000100000000)
  region size 1024K, 37 young (37888K), 4 survivors (4096K)
 Metaspace       used 99366K, committed 100096K, reserved 1138688K
  class space    used 13541K, committed 13888K, reserved 1048576K
}
Event: 35.449 GC heap after
{Heap after GC invocations=55 (full 0):
 garbage-first heap   total 155648K, used 97717K [0x0000000080000000, 0x0000000100000000)
  region size 1024K, 3 young (3072K), 3 survivors (3072K)
 Metaspace       used 99366K, committed 100096K, reserved 1138688K
  class space    used 13541K, committed 13888K, reserved 1048576K
}
Event: 36.254 GC heap before
{Heap before GC invocations=55 (full 0):
 garbage-first heap   total 155648K, used 129461K [0x0000000080000000, 0x0000000100000000)
  region size 1024K, 35 young (35840K), 3 survivors (3072K)
 Metaspace       used 99473K, committed 100224K, reserved 1138688K
  class space    used 13557K, committed 13952K, reserved 1048576K
}
Event: 36.259 GC heap after
{Heap after GC invocations=56 (full 0):
 garbage-first heap   total 155648K, used 99629K [0x0000000080000000, 0x0000000100000000)
  region size 1024K, 2 young (2048K), 2 survivors (2048K)
 Metaspace       used 99473K, committed 100224K, reserved 1138688K
  class space    used 13557K, committed 13952K, reserved 1048576K
}
Event: 57.877 GC heap before
{Heap before GC invocations=57 (full 0):
 garbage-first heap   total 174080K, used 130349K [0x0000000080000000, 0x0000000100000000)
  region size 1024K, 32 young (32768K), 2 survivors (2048K)
 Metaspace       used 102264K, committed 103040K, reserved 1138688K
  class space    used 13898K, committed 14272K, reserved 1048576K
}
Event: 57.906 GC heap after
{Heap after GC invocations=58 (full 0):
 garbage-first heap   total 174080K, used 101245K [0x0000000080000000, 0x0000000100000000)
  region size 1024K, 4 young (4096K), 4 survivors (4096K)
 Metaspace       used 102264K, committed 103040K, reserved 1138688K
  class space    used 13898K, committed 14272K, reserved 1048576K
}
Event: 58.063 GC heap before
{Heap before GC invocations=58 (full 0):
 garbage-first heap   total 174080K, used 104317K [0x0000000080000000, 0x0000000100000000)
  region size 1024K, 8 young (8192K), 4 survivors (4096K)
 Metaspace       used 102826K, committed 103616K, reserved 1138688K
  class space    used 13978K, committed 14400K, reserved 1048576K
}
Event: 58.088 GC heap after
{Heap after GC invocations=59 (full 0):
 garbage-first heap   total 174080K, used 101446K [0x0000000080000000, 0x0000000100000000)
  region size 1024K, 1 young (1024K), 1 survivors (1024K)
 Metaspace       used 102826K, committed 103616K, reserved 1138688K
  class space    used 13978K, committed 14400K, reserved 1048576K
}
Event: 59.450 GC heap before
{Heap before GC invocations=59 (full 0):
 garbage-first heap   total 174080K, used 145478K [0x0000000080000000, 0x0000000100000000)
  region size 1024K, 45 young (46080K), 1 survivors (1024K)
 Metaspace       used 114176K, committed 115008K, reserved 1155072K
  class space    used 15723K, committed 16128K, reserved 1048576K
}
Event: 59.456 GC heap after
{Heap after GC invocations=60 (full 0):
 garbage-first heap   total 174080K, used 103405K [0x0000000080000000, 0x0000000100000000)
  region size 1024K, 3 young (3072K), 3 survivors (3072K)
 Metaspace       used 114176K, committed 115008K, reserved 1155072K
  class space    used 15723K, committed 16128K, reserved 1048576K
}

Dll operation events (2 events):
Event: 0.022 Loaded shared library C:\Program Files\Android\Android Studio\jbr\bin\java.dll
Event: 0.802 Loaded shared library C:\Program Files\Android\Android Studio\jbr\bin\verify.dll

Deoptimization events (20 events):
Event: 59.670 Thread 0x00000150f35e1710 DEOPT PACKING pc=0x00000150df3f65e0 sp=0x00000008aaafd4f0
Event: 59.670 Thread 0x00000150f35e1710 DEOPT UNPACKING pc=0x00000150decda1a3 sp=0x00000008aaafd288 mode 2
Event: 59.670 Thread 0x00000150f35e1710 Uncommon trap: trap_request=0xffffff45 fr.pc=0x00000150df3b3b78 relative=0x0000000000000078
Event: 59.670 Thread 0x00000150f35e1710 Uncommon trap: reason=unstable_if action=reinterpret pc=0x00000150df3b3b78 method=jdk.internal.misc.Unsafe.convEndian(ZS)S @ 4 c2
Event: 59.670 Thread 0x00000150f35e1710 DEOPT PACKING pc=0x00000150df3b3b78 sp=0x00000008aaafd360
Event: 59.670 Thread 0x00000150f35e1710 DEOPT UNPACKING pc=0x00000150decda1a3 sp=0x00000008aaafd290 mode 2
Event: 59.673 Thread 0x00000150f35e1710 Uncommon trap: trap_request=0xffffff45 fr.pc=0x00000150df26e1a0 relative=0x0000000000000200
Event: 59.673 Thread 0x00000150f35e1710 Uncommon trap: reason=unstable_if action=reinterpret pc=0x00000150df26e1a0 method=com.android.tools.r8.graph.u2.a([C)I @ 29 c2
Event: 59.673 Thread 0x00000150f35e1710 DEOPT PACKING pc=0x00000150df26e1a0 sp=0x00000008aaafd650
Event: 59.673 Thread 0x00000150f35e1710 DEOPT UNPACKING pc=0x00000150decda1a3 sp=0x00000008aaafd5e0 mode 2
Event: 59.720 Thread 0x00000150f35e1710 DEOPT PACKING pc=0x00000150d7a598ba sp=0x00000008aaafcb30
Event: 59.720 Thread 0x00000150f35e1710 DEOPT UNPACKING pc=0x00000150decdace3 sp=0x00000008aaafbfa8 mode 0
Event: 59.720 Thread 0x00000150f35e1710 DEOPT PACKING pc=0x00000150d7a598ba sp=0x00000008aaafcb30
Event: 59.720 Thread 0x00000150f35e1710 DEOPT UNPACKING pc=0x00000150decdace3 sp=0x00000008aaafbfa8 mode 0
Event: 59.726 Thread 0x00000150f076a500 DEOPT PACKING pc=0x00000150d8ce6631 sp=0x00000008a34fe680
Event: 59.726 Thread 0x00000150f076a500 DEOPT UNPACKING pc=0x00000150decdace3 sp=0x00000008a34fdb20 mode 0
Event: 59.727 Thread 0x00000150f65723a0 Uncommon trap: trap_request=0xffffffde fr.pc=0x00000150df891e10 relative=0x0000000000001b30
Event: 59.727 Thread 0x00000150f65723a0 Uncommon trap: reason=class_check action=maybe_recompile pc=0x00000150df891e10 method=com.google.common.collect.ImmutableSortedMap.fromEntries(Ljava/util/Comparator;Z[Ljava/util/Map$Entry;I)Lcom/google/common/collect/ImmutableSortedMap; @ 95 c2
Event: 59.727 Thread 0x00000150f65723a0 DEOPT PACKING pc=0x00000150df891e10 sp=0x00000008a9bfc9a0
Event: 59.727 Thread 0x00000150f65723a0 DEOPT UNPACKING pc=0x00000150decda1a3 sp=0x00000008a9bfc950 mode 2

Classes unloaded (5 events):
Event: 36.357 Thread 0x00000150ee0da960 Unloading class 0x0000000100d05000 'java/lang/invoke/LambdaForm$DMH+0x0000000100d05000'
Event: 36.357 Thread 0x00000150ee0da960 Unloading class 0x0000000100d05400 'java/lang/invoke/LambdaForm$DMH+0x0000000100d05400'
Event: 36.357 Thread 0x00000150ee0da960 Unloading class 0x0000000100d04c00 'java/lang/invoke/LambdaForm$DMH+0x0000000100d04c00'
Event: 36.357 Thread 0x00000150ee0da960 Unloading class 0x0000000100d04800 'java/lang/invoke/LambdaForm$DMH+0x0000000100d04800'
Event: 36.357 Thread 0x00000150ee0da960 Unloading class 0x0000000100d04400 'java/lang/invoke/LambdaForm$DMH+0x0000000100d04400'

Classes redefined (0 events):
No events

Internal exceptions (20 events):
Event: 59.407 Thread 0x00000150f35e33f0 Exception <a 'java/lang/NoSuchMethodError'{0x0000000088001bb0}: 'java.lang.Object java.lang.invoke.Invokers$Holder.linkToTargetMethod(java.lang.Object, java.lang.Object, java.lang.Object, java.lang.Object, java.lang.Object, java.lang.Object, java.lang.Object, java.lang.Object, java.lang.Object, java.lang.Object)'> (0x0000000088001bb0) 
thrown [s\src\hotspot\share\interpreter\linkResolver.cpp, line 771]
Event: 59.408 Thread 0x00000150f35e33f0 Exception <a 'java/lang/NoSuchMethodError'{0x0000000088005dc8}: 'int java.lang.invoke.DirectMethodHandle$Holder.invokeSpecial(java.lang.Object, java.lang.Object, int)'> (0x0000000088005dc8) 
thrown [s\src\hotspot\share\interpreter\linkResolver.cpp, line 771]
Event: 59.415 Thread 0x00000150f35e33f0 Exception <a 'java/lang/IncompatibleClassChangeError'{0x00000000880bea28}: Found class java.lang.Object, but interface was expected> (0x00000000880bea28) 
thrown [s\src\hotspot\share\interpreter\linkResolver.cpp, line 838]
Event: 59.433 Thread 0x00000150f35dd880 Exception <a 'java/lang/NoSuchMethodError'{0x0000000087e3d240}: 'java.lang.Object java.lang.invoke.DirectMethodHandle$Holder.newInvokeSpecial(java.lang.Object, java.lang.Object, int, java.lang.Object, java.lang.Object, java.lang.Object)'> (0x0000000087e3d240) 
thrown [s\src\hotspot\share\interpreter\linkResolver.cpp, line 771]
Event: 59.434 Thread 0x00000150f35dd880 Exception <a 'java/lang/NoSuchMethodError'{0x0000000087e44f08}: 'java.lang.Object java.lang.invoke.Invokers$Holder.linkToTargetMethod(java.lang.Object, int, java.lang.Object, java.lang.Object, java.lang.Object, java.lang.Object)'> (0x0000000087e44f08) 
thrown [s\src\hotspot\share\interpreter\linkResolver.cpp, line 771]
Event: 59.434 Thread 0x00000150f35dd880 Exception <a 'java/lang/NoSuchMethodError'{0x0000000087e48ea8}: 'void java.lang.invoke.DirectMethodHandle$Holder.invokeSpecial(java.lang.Object, java.lang.Object, java.lang.Object, int, java.lang.Object, java.lang.Object, java.lang.Object, java.lang.Object)'> (0x0000000087e48ea8) 
thrown [s\src\hotspot\share\interpreter\linkResolver.cpp, line 771]
Event: 59.437 Thread 0x00000150f35dd880 Exception <a 'java/lang/NoSuchMethodError'{0x0000000087e94920}: 'void java.lang.invoke.DirectMethodHandle$Holder.invokeStatic(java.lang.Object, java.lang.Object, java.lang.Object, java.lang.Object, java.lang.Object, java.lang.Object, java.lang.Object, java.lang.Object)'> (0x0000000087e94920) 
thrown [s\src\hotspot\share\interpreter\linkResolver.cpp, line 771]
Event: 59.457 Thread 0x00000150f35e33f0 Implicit null exception at 0x00000150df660559 to 0x00000150df660700
Event: 59.488 Thread 0x00000150f35e33f0 Exception <a 'java/lang/IncompatibleClassChangeError'{0x000000008a6aeae8}: Found class java.lang.Object, but interface was expected> (0x000000008a6aeae8) 
thrown [s\src\hotspot\share\interpreter\linkResolver.cpp, line 838]
Event: 59.488 Thread 0x00000150f35dd880 Exception <a 'java/lang/IncompatibleClassChangeError'{0x000000008a6897f8}: Found class java.lang.Object, but interface was expected> (0x000000008a6897f8) 
thrown [s\src\hotspot\share\interpreter\linkResolver.cpp, line 838]
Event: 59.517 Thread 0x00000150f35dd880 Exception <a 'java/lang/NoSuchMethodError'{0x000000008a49d618}: 'void java.lang.invoke.DirectMethodHandle$Holder.invokeSpecial(java.lang.Object, java.lang.Object, int)'> (0x000000008a49d618) 
thrown [s\src\hotspot\share\interpreter\linkResolver.cpp, line 771]
Event: 59.539 Thread 0x00000150f35e33f0 Exception <a 'sun/nio/fs/WindowsException'{0x000000008a211cd0}> (0x000000008a211cd0) 
thrown [s\src\hotspot\share\prims\jni.cpp, line 517]
Event: 59.539 Thread 0x00000150f35dd880 Exception <a 'sun/nio/fs/WindowsException'{0x000000008a232ad0}> (0x000000008a232ad0) 
thrown [s\src\hotspot\share\prims\jni.cpp, line 517]
Event: 59.595 Thread 0x00000150f65723a0 Exception <a 'java/lang/NoSuchMethodError'{0x000000008a1fca28}: static Lkotlin/InitializedLazyImpl;.<clinit>()V> (0x000000008a1fca28) 
thrown [s\src\hotspot\share\prims\jni.cpp, line 1108]
Event: 59.625 Thread 0x00000150f35de220 Exception <a 'sun/nio/fs/WindowsException'{0x0000000089f3c820}> (0x0000000089f3c820) 
thrown [s\src\hotspot\share\prims\jni.cpp, line 517]
Event: 59.625 Thread 0x00000150f35de220 Exception <a 'sun/nio/fs/WindowsException'{0x0000000089f3cc08}> (0x0000000089f3cc08) 
thrown [s\src\hotspot\share\prims\jni.cpp, line 517]
Event: 59.650 Thread 0x00000150f35e1710 Exception <a 'sun/nio/fs/WindowsException'{0x0000000089e3bb68}> (0x0000000089e3bb68) 
thrown [s\src\hotspot\share\prims\jni.cpp, line 517]
Event: 59.700 Thread 0x00000150f35e1710 Exception <a 'java/lang/NoSuchMethodError'{0x0000000089a55270}: 'long java.lang.invoke.DirectMethodHandle$Holder.invokeStatic(java.lang.Object, java.lang.Object, java.lang.Object)'> (0x0000000089a55270) 
thrown [s\src\hotspot\share\interpreter\linkResolver.cpp, line 771]
Event: 59.705 Thread 0x00000150f35e1710 Exception <a 'java/lang/NoSuchMethodError'{0x0000000089a9a270}: 'void java.lang.invoke.DirectMethodHandle$Holder.invokeInterface(java.lang.Object, java.lang.Object, java.lang.Object, int)'> (0x0000000089a9a270) 
thrown [s\src\hotspot\share\interpreter\linkResolver.cpp, line 771]
Event: 59.723 Thread 0x00000150f35e1710 Exception <a 'sun/nio/fs/WindowsException'{0x00000000899808d8}> (0x00000000899808d8) 
thrown [s\src\hotspot\share\prims\jni.cpp, line 517]

VM Operations (20 events):
Event: 58.509 Executing VM operation: HandshakeAllThreads
Event: 58.509 Executing VM operation: HandshakeAllThreads done
Event: 58.542 Executing VM operation: HandshakeAllThreads
Event: 58.542 Executing VM operation: HandshakeAllThreads done
Event: 58.581 Executing VM operation: HandshakeAllThreads
Event: 58.582 Executing VM operation: HandshakeAllThreads done
Event: 58.976 Executing VM operation: HandshakeAllThreads
Event: 58.977 Executing VM operation: HandshakeAllThreads done
Event: 58.978 Executing VM operation: HandshakeAllThreads
Event: 58.979 Executing VM operation: HandshakeAllThreads done
Event: 59.327 Executing VM operation: HandshakeAllThreads
Event: 59.327 Executing VM operation: HandshakeAllThreads done
Event: 59.327 Executing VM operation: Cleanup
Event: 59.328 Executing VM operation: Cleanup done
Event: 59.332 Executing VM operation: HandshakeAllThreads
Event: 59.332 Executing VM operation: HandshakeAllThreads done
Event: 59.406 Executing VM operation: HandshakeAllThreads
Event: 59.406 Executing VM operation: HandshakeAllThreads done
Event: 59.450 Executing VM operation: G1CollectForAllocation
Event: 59.457 Executing VM operation: G1CollectForAllocation done

Events (20 events):
Event: 59.354 loading class java/util/IdentityHashMap$ValueIterator
Event: 59.355 loading class java/util/IdentityHashMap$ValueIterator done
Event: 59.432 loading class java/util/AbstractList$SubList
Event: 59.433 loading class java/util/AbstractList$SubList done
Event: 59.433 loading class java/util/AbstractList$SubList$1
Event: 59.433 loading class java/util/AbstractList$SubList$1 done
Event: 59.443 loading class java/util/IdentityHashMap$EntrySet
Event: 59.443 loading class java/util/IdentityHashMap$EntrySet done
Event: 59.501 loading class java/nio/ShortBuffer
Event: 59.508 loading class java/nio/ShortBuffer done
Event: 59.517 loading class java/nio/ByteBufferAsShortBufferL
Event: 59.518 loading class java/nio/ByteBufferAsShortBufferL done
Event: 59.533 loading class java/util/zip/Adler32
Event: 59.533 loading class java/util/zip/Adler32 done
Event: 59.618 loading class java/io/PushbackInputStream
Event: 59.618 loading class java/io/PushbackInputStream done
Event: 59.666 loading class java/nio/BufferUnderflowException
Event: 59.666 loading class java/nio/BufferUnderflowException done
Event: 59.698 loading class java/nio/HeapShortBuffer
Event: 59.698 loading class java/nio/HeapShortBuffer done


Dynamic libraries:
0x00007ff641170000 - 0x00007ff64117a000 	C:\Program Files\Android\Android Studio\jbr\bin\java.exe
0x00007ffb362d0000 - 0x00007ffb364e7000 	C:\WINDOWS\SYSTEM32\ntdll.dll
0x00007ffb351f0000 - 0x00007ffb352b4000 	C:\WINDOWS\System32\KERNEL32.DLL
0x00007ffb33a10000 - 0x00007ffb33db5000 	C:\WINDOWS\System32\KERNELBASE.dll
0x00007ffb33780000 - 0x00007ffb33891000 	C:\WINDOWS\System32\ucrtbase.dll
0x00007ffae5080000 - 0x00007ffae509b000 	C:\Program Files\Android\Android Studio\jbr\bin\VCRUNTIME140.dll
0x00007ffb18720000 - 0x00007ffb18737000 	C:\Program Files\Android\Android Studio\jbr\bin\jli.dll
0x00007ffb34ee0000 - 0x00007ffb3508e000 	C:\WINDOWS\System32\USER32.dll
0x00007ffb33ff0000 - 0x00007ffb34016000 	C:\WINDOWS\System32\win32u.dll
0x00007ffb36170000 - 0x00007ffb36199000 	C:\WINDOWS\System32\GDI32.dll
0x00007ffb33ed0000 - 0x00007ffb33fe9000 	C:\WINDOWS\System32\gdi32full.dll
0x00007ffb33e30000 - 0x00007ffb33eca000 	C:\WINDOWS\System32\msvcp_win.dll
0x00007ffb18a00000 - 0x00007ffb18c93000 	C:\WINDOWS\WinSxS\amd64_microsoft.windows.common-controls_6595b64144ccf1df_6.0.22621.2506_none_270c5ae97388e100\COMCTL32.dll
0x00007ffb361a0000 - 0x00007ffb36247000 	C:\WINDOWS\System32\msvcrt.dll
0x00007ffb34020000 - 0x00007ffb34051000 	C:\WINDOWS\System32\IMM32.DLL
0x00007ffafe400000 - 0x00007ffafe40c000 	C:\Program Files\Android\Android Studio\jbr\bin\vcruntime140_1.dll
0x00007ffa8eff0000 - 0x00007ffa8f07d000 	C:\Program Files\Android\Android Studio\jbr\bin\msvcp140.dll
0x00007ffad6f70000 - 0x00007ffad7bde000 	C:\Program Files\Android\Android Studio\jbr\bin\server\jvm.dll
0x00007ffb34e20000 - 0x00007ffb34ed1000 	C:\WINDOWS\System32\ADVAPI32.dll
0x00007ffb357a0000 - 0x00007ffb35846000 	C:\WINDOWS\System32\sechost.dll
0x00007ffb34d00000 - 0x00007ffb34e17000 	C:\WINDOWS\System32\RPCRT4.dll
0x00007ffb21ef0000 - 0x00007ffb21ef9000 	C:\WINDOWS\SYSTEM32\WSOCK32.dll
0x00007ffb360f0000 - 0x00007ffb36161000 	C:\WINDOWS\System32\WS2_32.dll
0x00007ffb29f00000 - 0x00007ffb29f34000 	C:\WINDOWS\SYSTEM32\WINMM.dll
0x00007ffb2bd40000 - 0x00007ffb2bd4a000 	C:\WINDOWS\SYSTEM32\VERSION.dll
0x00007ffb325e0000 - 0x00007ffb325f8000 	C:\WINDOWS\SYSTEM32\kernel.appcore.dll
0x00007ffb21ee0000 - 0x00007ffb21eea000 	C:\Program Files\Android\Android Studio\jbr\bin\jimage.dll
0x00007ffb2e550000 - 0x00007ffb2e783000 	C:\WINDOWS\SYSTEM32\DBGHELP.DLL
0x00007ffb35d60000 - 0x00007ffb360e9000 	C:\WINDOWS\System32\combase.dll
0x00007ffb35860000 - 0x00007ffb35937000 	C:\WINDOWS\System32\OLEAUT32.dll
0x00007ffb2e270000 - 0x00007ffb2e2a2000 	C:\WINDOWS\SYSTEM32\dbgcore.DLL
0x00007ffb33700000 - 0x00007ffb3377a000 	C:\WINDOWS\System32\bcryptPrimitives.dll
0x00007ffafe280000 - 0x00007ffafe2a5000 	C:\Program Files\Android\Android Studio\jbr\bin\java.dll
0x00007ffb1ecf0000 - 0x00007ffb1ed08000 	C:\Program Files\Android\Android Studio\jbr\bin\zip.dll
0x00007ffb34410000 - 0x00007ffb34c69000 	C:\WINDOWS\System32\SHELL32.dll
0x00007ffb31560000 - 0x00007ffb31e54000 	C:\WINDOWS\SYSTEM32\windows.storage.dll
0x00007ffb31420000 - 0x00007ffb3155e000 	C:\WINDOWS\SYSTEM32\wintypes.dll
0x00007ffb340f0000 - 0x00007ffb341e3000 	C:\WINDOWS\System32\SHCORE.dll
0x00007ffb35940000 - 0x00007ffb3599e000 	C:\WINDOWS\System32\shlwapi.dll
0x00007ffb33570000 - 0x00007ffb33596000 	C:\WINDOWS\SYSTEM32\profapi.dll
0x00007ffb1ecb0000 - 0x00007ffb1ecc9000 	C:\Program Files\Android\Android Studio\jbr\bin\net.dll
0x00007ffb23fe0000 - 0x00007ffb24117000 	C:\WINDOWS\SYSTEM32\WINHTTP.dll
0x00007ffb32ac0000 - 0x00007ffb32b29000 	C:\WINDOWS\system32\mswsock.dll
0x00007ffb1ea40000 - 0x00007ffb1ea56000 	C:\Program Files\Android\Android Studio\jbr\bin\nio.dll
0x00007ffb1ffd0000 - 0x00007ffb1ffe0000 	C:\Program Files\Android\Android Studio\jbr\bin\verify.dll
0x00007ffae0cb0000 - 0x00007ffae0cd7000 	C:\Users\SOPORTE\.gradle\native\68d5fa5c4cc2d200863cafc0d521ce42e7d3e7ee720ec0a83991735586a16f82\windows-amd64\native-platform.dll
0x00007ffa73db0000 - 0x00007ffa73ef4000 	C:\Users\SOPORTE\.gradle\native\e376f236ea51e6404a007f0833ffe2c6e607c4080706a723a18a27aeea778392\windows-amd64\native-platform-file-events.dll
0x00007ffb1fdf0000 - 0x00007ffb1fdf9000 	C:\Program Files\Android\Android Studio\jbr\bin\management.dll
0x00007ffb1e9b0000 - 0x00007ffb1e9bb000 	C:\Program Files\Android\Android Studio\jbr\bin\management_ext.dll
0x00007ffb34c70000 - 0x00007ffb34c78000 	C:\WINDOWS\System32\PSAPI.DLL
0x00007ffb32d10000 - 0x00007ffb32d2b000 	C:\WINDOWS\SYSTEM32\CRYPTSP.dll
0x00007ffb325a0000 - 0x00007ffb325d5000 	C:\WINDOWS\system32\rsaenh.dll
0x00007ffb32bb0000 - 0x00007ffb32bdc000 	C:\WINDOWS\SYSTEM32\USERENV.dll
0x00007ffb32fd0000 - 0x00007ffb32ff8000 	C:\WINDOWS\SYSTEM32\bcrypt.dll
0x00007ffb32d30000 - 0x00007ffb32d3c000 	C:\WINDOWS\SYSTEM32\CRYPTBASE.dll
0x00007ffb320b0000 - 0x00007ffb320dd000 	C:\WINDOWS\SYSTEM32\IPHLPAPI.DLL
0x00007ffb34240000 - 0x00007ffb34249000 	C:\WINDOWS\System32\NSI.dll
0x00007ffb236a0000 - 0x00007ffb236b9000 	C:\WINDOWS\SYSTEM32\dhcpcsvc6.DLL
0x00007ffb23680000 - 0x00007ffb2369f000 	C:\WINDOWS\SYSTEM32\dhcpcsvc.DLL
0x00007ffb320e0000 - 0x00007ffb321d9000 	C:\WINDOWS\SYSTEM32\DNSAPI.dll
0x00007ffb1e660000 - 0x00007ffb1e668000 	C:\WINDOWS\system32\wshunix.dll
0x00007ffb20020000 - 0x00007ffb20037000 	C:\WINDOWS\system32\napinsp.dll
0x00007ffb20000000 - 0x00007ffb2001b000 	C:\WINDOWS\system32\pnrpnsp.dll
0x00007ffb1ffe0000 - 0x00007ffb1fff1000 	C:\WINDOWS\System32\winrnr.dll
0x00007ffb236e0000 - 0x00007ffb236f5000 	C:\WINDOWS\system32\wshbth.dll
0x00007ffaff520000 - 0x00007ffaff541000 	C:\WINDOWS\system32\nlansp_c.dll
0x00007ffb22d60000 - 0x00007ffb22d6a000 	C:\Windows\System32\rasadhlp.dll
0x00007ffb22f00000 - 0x00007ffb22f83000 	C:\WINDOWS\System32\fwpuclnt.dll
0x00007ffae45c0000 - 0x00007ffae45de000 	C:\Users\SOPORTE\AppData\Local\Temp\native-platform15771323478008958402dir\native-platform.dll
0x00007ffafe330000 - 0x00007ffafe337000 	C:\Program Files\Android\Android Studio\jbr\bin\rmi.dll

dbghelp: loaded successfully - version: 4.0.5 - missing functions: none
symbol engine: initialized successfully - sym options: 0x614 - pdb path: .;C:\Program Files\Android\Android Studio\jbr\bin;C:\WINDOWS\SYSTEM32;C:\WINDOWS\WinSxS\amd64_microsoft.windows.common-controls_6595b64144ccf1df_6.0.22621.2506_none_270c5ae97388e100;C:\Program Files\Android\Android Studio\jbr\bin\server;C:\Users\SOPORTE\.gradle\native\68d5fa5c4cc2d200863cafc0d521ce42e7d3e7ee720ec0a83991735586a16f82\windows-amd64;C:\Users\SOPORTE\.gradle\native\e376f236ea51e6404a007f0833ffe2c6e607c4080706a723a18a27aeea778392\windows-amd64;C:\Users\SOPORTE\AppData\Local\Temp\native-platform15771323478008958402dir

VM Arguments:
jvm_args: --add-opens=java.base/java.util=ALL-UNNAMED --add-opens=java.base/java.lang=ALL-UNNAMED --add-opens=java.base/java.lang.invoke=ALL-UNNAMED --add-opens=java.prefs/java.util.prefs=ALL-UNNAMED --add-opens=java.base/java.nio.charset=ALL-UNNAMED --add-opens=java.base/java.net=ALL-UNNAMED --add-opens=java.base/java.util.concurrent.atomic=ALL-UNNAMED -Xmx2048m -Dfile.encoding=UTF-8 -Duser.country=NI -Duser.language=es -Duser.variant 
java_command: org.gradle.launcher.daemon.bootstrap.GradleDaemon 8.0
java_class_path (initial): C:\Users\SOPORTE\.gradle\wrapper\dists\gradle-8.0-bin\ca5e32bp14vu59qr306oxotwh\gradle-8.0\lib\gradle-launcher-8.0.jar
Launcher Type: SUN_STANDARD

[Global flags]
     intx CICompilerCount                          = 4                                         {product} {ergonomic}
     uint ConcGCThreads                            = 2                                         {product} {ergonomic}
     uint G1ConcRefinementThreads                  = 8                                         {product} {ergonomic}
   size_t G1HeapRegionSize                         = 1048576                                   {product} {ergonomic}
    uintx GCDrainStackTargetSize                   = 64                                        {product} {ergonomic}
   size_t InitialHeapSize                          = 132120576                                 {product} {ergonomic}
   size_t MarkStackSize                            = 4194304                                   {product} {ergonomic}
   size_t MaxHeapSize                              = 2147483648                                {product} {command line}
   size_t MaxNewSize                               = 1287651328                                {product} {ergonomic}
   size_t MinHeapDeltaBytes                        = 1048576                                   {product} {ergonomic}
   size_t MinHeapSize                              = 8388608                                   {product} {ergonomic}
    uintx NonNMethodCodeHeapSize                   = 5839372                                {pd product} {ergonomic}
    uintx NonProfiledCodeHeapSize                  = 122909434                              {pd product} {ergonomic}
    uintx ProfiledCodeHeapSize                     = 122909434                              {pd product} {ergonomic}
    uintx ReservedCodeCacheSize                    = 251658240                              {pd product} {ergonomic}
     bool SegmentedCodeCache                       = true                                      {product} {ergonomic}
   size_t SoftMaxHeapSize                          = 2147483648                             {manageable} {ergonomic}
     bool UseCompressedClassPointers               = true                           {product lp64_product} {ergonomic}
     bool UseCompressedOops                        = true                           {product lp64_product} {ergonomic}
     bool UseG1GC                                  = true                                      {product} {ergonomic}
     bool UseLargePagesIndividualAllocation        = false                                  {pd product} {ergonomic}

Logging:
Log output configuration:
 #0: stdout all=warning uptime,level,tags
 #1: stderr all=off uptime,level,tags

Environment Variables:
JAVA_HOME=C:\Program Files\Java\jre-17.0.8.1
CLASSPATH=C:\Program Files\SAP\SAP Business One DI API\JCO\LIB\sbowrapper.jar;C:\Program Files\SAP\SAP Business One DI API\JCO\LIB\sboapi.jar
PATH=C:\Program Files\SAP\hdbclient;C:\Program Files (x86)\Common Files\Oracle\Java\javapath;;C:\WINDOWS\system32;C:\WINDOWS;C:\WINDOWS\System32\Wbem;C:\WINDOWS\System32\WindowsPowerShell\v1.0\;C:\WINDOWS\System32\OpenSSH\;C:\Program Files\Microsoft SQL Server\Client SDK\ODBC\110\Tools\Binn\;C:\Program Files (x86)\Microsoft SQL Server\120\Tools\Binn\;C:\Program Files\Microsoft SQL Server\120\Tools\Binn\;C:\Program Files\Microsoft SQL Server\120\DTS\Binn\;C:\Program Files (x86)\Microsoft SQL Server\120\Tools\Binn\ManagementStudio\;C:\Program Files (x86)\Microsoft SQL Server\120\DTS\Binn\;C:\Program Files (x86)\SAP\SAP Business One ServerTools\LicenseHTTPS\webapps\lib;C:\Program Files (x86)\SAP\SAP Business One ServerTools\Common\sapjvm_8\jre\bin;C:\Program Files (x86)\SAP\SAP Business One ServerTools\Common\tomcat\bin;C:\Program Files (x86)\SAP\SAP Business One ServerTools\Common\sapjvm_8\jre\bin\server;C:\Program Files\SAP\SAP Business One DI API\JCO\LIB\;C:\Program Files\SAP\SAP Business One DI API\DI API 90;C:\Program Files\SAP\SAP Business One\;C:\Program Files\Microsoft SQL Server\150\Tools\Binn\;C:\Program Files\Microsoft SQL Server\Client SDK\ODBC\170\Tools\Binn\;C:\Program Files\dotnet\;C:\Users\SOPORTE\AppData\Local\Microsoft\WindowsApps;C:\Users\SOPORTE\.dotnet\tools
USERNAME=SOPORTE
OS=Windows_NT
PROCESSOR_IDENTIFIER=Intel64 Family 6 Model 140 Stepping 1, GenuineIntel
TMP=C:\Users\SOPORTE\AppData\Local\Temp
TEMP=C:\Users\SOPORTE\AppData\Local\Temp


JNI global refs:
JNI global refs: 26, weak refs: 6

JNI global refs memory usage: 843, weak refs: 841


---------------  S Y S T E M  ---------------

OS:
 Windows 11 , 64 bit Build 22621 (10.0.22621.2506)
OS uptime: 0 days 18:54 hours

CPU: total 8 (initial active 8) (4 cores per cpu, 2 threads per core) family 6 model 140 stepping 1 microcode 0x9a, cx8, cmov, fxsr, ht, mmx, 3dnowpref, sse, sse2, sse3, ssse3, sse4.1, sse4.2, popcnt, lzcnt, tsc, tscinvbit, avx, avx2, aes, erms, clmul, bmi1, bmi2, adx, avx512f, avx512dq, avx512cd, avx512bw, avx512vl, sha, fma, vzeroupper, avx512_vpopcntdq, avx512_vpclmulqdq, avx512_vaes, avx512_vnni, clflush, clflushopt, clwb, avx512_vbmi2, avx512_vbmi

Memory: 4k page, system-wide physical 7991M (227M free)
TotalPageFile size 22767M (AvailPageFile size 3M)
current process WorkingSet (physical memory assigned to process): 264M, peak: 365M
current process commit charge ("private bytes"): 485M, peak: 487M

vm_info: OpenJDK 64-Bit Server VM (17.0.6+0-b2043.56-10027231) for windows-amd64 JRE (17.0.6+0-b2043.56-10027231), built on Apr 28 2023 00:43:19 by "androidbuild" with MS VC++ 16.10 / 16.11 (VS2019)

END.
